INFO:root:Namespace(aggregation='max', batch_size=256, debug=False, device=device(type='cuda'), dropout=0.1, epochs=50, hidden_size=128, in_features=17, kernel_size=3, log_dir='exps/logs', lr=0.0001, model='LSTM', num_channels=[64, 64, 128], num_classes=2, num_layers=2, num_workers=4, print_freq=5, root='data', save_dir='exps/chpts/LSTM_layers2_stride5_max_lr0.0001', seed=14, start_epoch=0, tb_dir='exps/tb/LSTM_layers2_stride5_max_lr0.0001', temp_stride=5)
INFO:root:LSTM(
  (rnn): LSTM(17, 128, num_layers=2, batch_first=True)
  (fc): Linear(in_features=128, out_features=2, bias=True)
  (avg_pool): AdaptiveAvgPool1d(output_size=1)
  (max_pool): AdaptiveMaxPool1d(output_size=1)
)
INFO:root:=> Loading 2396 samples for train
INFO:root:=> Loading 313 samples for val
INFO:root:=> Loading 583 samples for test
INFO:root:TRAIN | Epoch: [0/50] | Loss: 0.6932 | AP: 45.06 | TP:0.36, FP:0.89, FN:98.14, TN:150.31 | ACC: 60.43
INFO:root:VAL   | Epoch: [0/50] | Loss: 0.6948 | AP: 40.21 | TP:0.0, FP:0.0, FN:129.0, TN:184.0 | ACC: 58.79
INFO:root:=> AP improved (40.21) improved at epoch 0 | saving best model!
INFO:root:TRAIN | Epoch: [1/50] | Loss: 0.6921 | AP: 48.92 | TP:6.21, FP:5.82, FN:92.21, TN:145.45 | ACC: 60.77
INFO:root:VAL   | Epoch: [1/50] | Loss: 0.6947 | AP: 37.47 | TP:20.0, FP:38.0, FN:109.0, TN:146.0 | ACC: 53.04
INFO:root:TRAIN | Epoch: [2/50] | Loss: 0.6912 | AP: 48.30 | TP:38.38, FP:39.16, FN:59.64, TN:112.53 | ACC: 60.39
INFO:root:VAL   | Epoch: [2/50] | Loss: 0.6949 | AP: 36.31 | TP:55.0, FP:102.0, FN:74.0, TN:82.0 | ACC: 43.77
INFO:root:TRAIN | Epoch: [3/50] | Loss: 0.6903 | AP: 48.45 | TP:65.08, FP:75.39, FN:32.45, TN:76.77 | ACC: 56.80
INFO:root:VAL   | Epoch: [3/50] | Loss: 0.6953 | AP: 35.49 | TP:74.0, FP:127.0, FN:55.0, TN:57.0 | ACC: 41.85
INFO:root:TRAIN | Epoch: [4/50] | Loss: 0.6893 | AP: 48.86 | TP:76.63, FP:94.82, FN:22.07, TN:56.18 | ACC: 52.92
INFO:root:VAL   | Epoch: [4/50] | Loss: 0.6956 | AP: 35.25 | TP:92.0, FP:145.0, FN:37.0, TN:39.0 | ACC: 41.85
INFO:root:TRAIN | Epoch: [5/50] | Loss: 0.6881 | AP: 49.22 | TP:78.83, FP:99.79, FN:19.33, TN:51.75 | ACC: 52.21
INFO:root:VAL   | Epoch: [5/50] | Loss: 0.6964 | AP: 35.10 | TP:86.0, FP:139.0, FN:43.0, TN:45.0 | ACC: 41.85
INFO:root:TRAIN | Epoch: [6/50] | Loss: 0.6870 | AP: 49.27 | TP:74.58, FP:92.51, FN:23.85, TN:58.76 | ACC: 53.42
INFO:root:VAL   | Epoch: [6/50] | Loss: 0.6976 | AP: 35.19 | TP:78.0, FP:127.0, FN:51.0, TN:57.0 | ACC: 43.13
INFO:root:TRAIN | Epoch: [7/50] | Loss: 0.6855 | AP: 49.06 | TP:69.78, FP:87.81, FN:28.16, TN:63.94 | ACC: 53.55
INFO:root:VAL   | Epoch: [7/50] | Loss: 0.6992 | AP: 35.19 | TP:80.0, FP:128.0, FN:49.0, TN:56.0 | ACC: 43.45
INFO:root:TRAIN | Epoch: [8/50] | Loss: 0.6835 | AP: 50.40 | TP:71.81, FP:91.97, FN:26.28, TN:59.65 | ACC: 52.71
INFO:root:VAL   | Epoch: [8/50] | Loss: 0.7013 | AP: 35.07 | TP:80.0, FP:131.0, FN:49.0, TN:53.0 | ACC: 42.49
INFO:root:TRAIN | Epoch: [9/50] | Loss: 0.6816 | AP: 49.80 | TP:71.00, FP:88.56, FN:27.42, TN:62.72 | ACC: 53.46
INFO:root:VAL   | Epoch: [9/50] | Loss: 0.7049 | AP: 35.08 | TP:77.0, FP:124.0, FN:52.0, TN:60.0 | ACC: 43.77
INFO:root:TRAIN | Epoch: [10/50] | Loss: 0.6801 | AP: 49.24 | TP:67.84, FP:85.18, FN:30.51, TN:66.17 | ACC: 53.63
INFO:root:VAL   | Epoch: [10/50] | Loss: 0.7088 | AP: 35.18 | TP:76.0, FP:123.0, FN:53.0, TN:61.0 | ACC: 43.77
INFO:root:TRAIN | Epoch: [11/50] | Loss: 0.6772 | AP: 49.83 | TP:71.71, FP:87.77, FN:26.99, TN:63.23 | ACC: 54.05
INFO:root:VAL   | Epoch: [11/50] | Loss: 0.7143 | AP: 34.97 | TP:80.0, FP:128.0, FN:49.0, TN:56.0 | ACC: 43.45
INFO:root:TRAIN | Epoch: [12/50] | Loss: 0.6749 | AP: 50.71 | TP:70.55, FP:86.14, FN:28.16, TN:64.86 | ACC: 54.26
INFO:root:VAL   | Epoch: [12/50] | Loss: 0.7215 | AP: 35.22 | TP:73.0, FP:122.0, FN:56.0, TN:62.0 | ACC: 43.13
INFO:root:TRAIN | Epoch: [13/50] | Loss: 0.6761 | AP: 50.38 | TP:64.25, FP:76.21, FN:33.97, TN:75.27 | ACC: 56.05
INFO:root:VAL   | Epoch: [13/50] | Loss: 0.7237 | AP: 35.57 | TP:67.0, FP:110.0, FN:62.0, TN:74.0 | ACC: 45.05
INFO:root:TRAIN | Epoch: [14/50] | Loss: 0.6748 | AP: 50.61 | TP:66.57, FP:82.86, FN:31.45, TN:68.83 | ACC: 54.17
INFO:root:VAL   | Epoch: [14/50] | Loss: 0.7243 | AP: 35.48 | TP:74.0, FP:126.0, FN:55.0, TN:58.0 | ACC: 42.17
INFO:root:TRAIN | Epoch: [15/50] | Loss: 0.6735 | AP: 50.87 | TP:70.13, FP:84.32, FN:27.89, TN:67.37 | ACC: 54.97
INFO:root:VAL   | Epoch: [15/50] | Loss: 0.7224 | AP: 35.96 | TP:72.0, FP:122.0, FN:57.0, TN:62.0 | ACC: 42.81
INFO:root:TRAIN | Epoch: [16/50] | Loss: 0.6723 | AP: 51.08 | TP:66.89, FP:79.84, FN:31.60, TN:71.37 | ACC: 55.43
INFO:root:VAL   | Epoch: [16/50] | Loss: 0.7218 | AP: 36.38 | TP:68.0, FP:113.0, FN:61.0, TN:71.0 | ACC: 44.41
INFO:root:TRAIN | Epoch: [17/50] | Loss: 0.6709 | AP: 51.49 | TP:63.35, FP:71.25, FN:35.08, TN:80.03 | ACC: 57.64
INFO:root:VAL   | Epoch: [17/50] | Loss: 0.7226 | AP: 36.59 | TP:68.0, FP:109.0, FN:61.0, TN:75.0 | ACC: 45.69
INFO:root:TRAIN | Epoch: [18/50] | Loss: 0.6707 | AP: 52.25 | TP:67.07, FP:78.16, FN:31.36, TN:73.12 | ACC: 56.18
INFO:root:VAL   | Epoch: [18/50] | Loss: 0.7281 | AP: 36.42 | TP:70.0, FP:114.0, FN:59.0, TN:70.0 | ACC: 44.73
INFO:root:TRAIN | Epoch: [19/50] | Loss: 0.6681 | AP: 51.90 | TP:67.04, FP:73.82, FN:31.25, TN:77.59 | ACC: 57.89
INFO:root:VAL   | Epoch: [19/50] | Loss: 0.7293 | AP: 36.78 | TP:65.0, FP:101.0, FN:64.0, TN:83.0 | ACC: 47.28
INFO:root:TRAIN | Epoch: [20/50] | Loss: 0.6690 | AP: 52.77 | TP:60.28, FP:64.07, FN:38.49, TN:86.87 | ACC: 59.06
INFO:root:VAL   | Epoch: [20/50] | Loss: 0.7264 | AP: 37.10 | TP:66.0, FP:104.0, FN:63.0, TN:80.0 | ACC: 46.65
INFO:root:TRAIN | Epoch: [21/50] | Loss: 0.6645 | AP: 53.13 | TP:66.01, FP:70.11, FN:32.76, TN:80.82 | ACC: 58.64
INFO:root:VAL   | Epoch: [21/50] | Loss: 0.7318 | AP: 36.79 | TP:68.0, FP:114.0, FN:61.0, TN:70.0 | ACC: 44.09
INFO:root:TRAIN | Epoch: [22/50] | Loss: 0.6655 | AP: 53.32 | TP:64.11, FP:70.57, FN:34.60, TN:80.43 | ACC: 57.93
INFO:root:VAL   | Epoch: [22/50] | Loss: 0.7285 | AP: 37.15 | TP:67.0, FP:104.0, FN:62.0, TN:80.0 | ACC: 46.96
INFO:root:TRAIN | Epoch: [23/50] | Loss: 0.6634 | AP: 53.50 | TP:65.37, FP:67.97, FN:33.33, TN:83.03 | ACC: 59.31
INFO:root:VAL   | Epoch: [23/50] | Loss: 0.7369 | AP: 36.81 | TP:68.0, FP:114.0, FN:61.0, TN:70.0 | ACC: 44.09
INFO:root:TRAIN | Epoch: [24/50] | Loss: 0.6628 | AP: 54.19 | TP:65.73, FP:70.80, FN:32.70, TN:80.48 | ACC: 58.56
INFO:root:VAL   | Epoch: [24/50] | Loss: 0.7369 | AP: 37.05 | TP:65.0, FP:106.0, FN:64.0, TN:78.0 | ACC: 45.69
INFO:root:TRAIN | Epoch: [25/50] | Loss: 0.6618 | AP: 54.06 | TP:59.59, FP:61.61, FN:38.16, TN:90.35 | ACC: 59.93
INFO:root:VAL   | Epoch: [25/50] | Loss: 0.7454 | AP: 36.66 | TP:65.0, FP:109.0, FN:64.0, TN:75.0 | ACC: 44.73
INFO:root:TRAIN | Epoch: [26/50] | Loss: 0.6597 | AP: 54.63 | TP:66.06, FP:71.05, FN:32.23, TN:80.36 | ACC: 58.64
INFO:root:VAL   | Epoch: [26/50] | Loss: 0.7442 | AP: 36.76 | TP:65.0, FP:111.0, FN:64.0, TN:73.0 | ACC: 44.09
INFO:root:TRAIN | Epoch: [27/50] | Loss: 0.6595 | AP: 54.76 | TP:62.67, FP:62.68, FN:35.89, TN:88.46 | ACC: 60.56
INFO:root:VAL   | Epoch: [27/50] | Loss: 0.7406 | AP: 36.97 | TP:62.0, FP:99.0, FN:67.0, TN:85.0 | ACC: 46.96
INFO:root:TRAIN | Epoch: [28/50] | Loss: 0.6580 | AP: 54.82 | TP:61.34, FP:61.73, FN:36.67, TN:89.96 | ACC: 60.89
INFO:root:VAL   | Epoch: [28/50] | Loss: 0.7474 | AP: 36.85 | TP:63.0, FP:102.0, FN:66.0, TN:82.0 | ACC: 46.33
INFO:root:TRAIN | Epoch: [29/50] | Loss: 0.6574 | AP: 55.29 | TP:62.11, FP:64.01, FN:35.64, TN:87.95 | ACC: 60.06
INFO:root:VAL   | Epoch: [29/50] | Loss: 0.7527 | AP: 36.78 | TP:64.0, FP:103.0, FN:65.0, TN:81.0 | ACC: 46.33
INFO:root:TRAIN | Epoch: [30/50] | Loss: 0.6563 | AP: 55.70 | TP:64.96, FP:66.33, FN:32.99, TN:85.42 | ACC: 60.27
INFO:root:VAL   | Epoch: [30/50] | Loss: 0.7486 | AP: 36.99 | TP:58.0, FP:98.0, FN:71.0, TN:86.0 | ACC: 46.01
INFO:root:TRAIN | Epoch: [31/50] | Loss: 0.6546 | AP: 56.50 | TP:62.10, FP:61.72, FN:36.06, TN:89.82 | ACC: 60.60
INFO:root:VAL   | Epoch: [31/50] | Loss: 0.7578 | AP: 36.61 | TP:61.0, FP:101.0, FN:68.0, TN:83.0 | ACC: 46.01
INFO:root:TRAIN | Epoch: [32/50] | Loss: 0.6535 | AP: 56.87 | TP:62.06, FP:62.65, FN:36.92, TN:88.08 | ACC: 60.23
INFO:root:VAL   | Epoch: [32/50] | Loss: 0.7536 | AP: 36.61 | TP:56.0, FP:99.0, FN:73.0, TN:85.0 | ACC: 45.05
INFO:root:TRAIN | Epoch: [33/50] | Loss: 0.6545 | AP: 57.36 | TP:53.08, FP:48.57, FN:45.34, TN:102.70 | ACC: 62.27
INFO:root:VAL   | Epoch: [33/50] | Loss: 0.7568 | AP: 36.38 | TP:58.0, FP:99.0, FN:71.0, TN:85.0 | ACC: 45.69
INFO:root:TRAIN | Epoch: [34/50] | Loss: 0.6529 | AP: 56.35 | TP:60.78, FP:62.46, FN:37.51, TN:88.96 | ACC: 60.02
INFO:root:VAL   | Epoch: [34/50] | Loss: 0.7596 | AP: 36.44 | TP:56.0, FP:97.0, FN:73.0, TN:87.0 | ACC: 45.69
INFO:root:TRAIN | Epoch: [35/50] | Loss: 0.6496 | AP: 57.86 | TP:58.43, FP:57.82, FN:39.73, TN:93.73 | ACC: 60.85
INFO:root:VAL   | Epoch: [35/50] | Loss: 0.7655 | AP: 36.39 | TP:53.0, FP:90.0, FN:76.0, TN:94.0 | ACC: 46.96
INFO:root:TRAIN | Epoch: [36/50] | Loss: 0.6498 | AP: 57.58 | TP:53.20, FP:50.91, FN:44.68, TN:100.91 | ACC: 61.64
INFO:root:VAL   | Epoch: [36/50] | Loss: 0.7662 | AP: 36.52 | TP:52.0, FP:89.0, FN:77.0, TN:95.0 | ACC: 46.96
INFO:root:TRAIN | Epoch: [37/50] | Loss: 0.6492 | AP: 57.86 | TP:59.04, FP:57.70, FN:39.53, TN:93.44 | ACC: 60.98
INFO:root:VAL   | Epoch: [37/50] | Loss: 0.7651 | AP: 36.38 | TP:53.0, FP:92.0, FN:76.0, TN:92.0 | ACC: 46.33
INFO:root:TRAIN | Epoch: [38/50] | Loss: 0.6470 | AP: 58.71 | TP:53.72, FP:46.91, FN:45.11, TN:103.95 | ACC: 63.06
INFO:root:VAL   | Epoch: [38/50] | Loss: 0.7690 | AP: 36.14 | TP:54.0, FP:99.0, FN:75.0, TN:85.0 | ACC: 44.41
INFO:root:TRAIN | Epoch: [39/50] | Loss: 0.6482 | AP: 57.90 | TP:58.89, FP:56.51, FN:39.67, TN:94.63 | ACC: 61.52
INFO:root:VAL   | Epoch: [39/50] | Loss: 0.7677 | AP: 36.26 | TP:54.0, FP:94.0, FN:75.0, TN:90.0 | ACC: 46.01
INFO:root:TRAIN | Epoch: [40/50] | Loss: 0.6436 | AP: 58.95 | TP:56.81, FP:53.33, FN:41.28, TN:98.29 | ACC: 62.27
INFO:root:VAL   | Epoch: [40/50] | Loss: 0.7768 | AP: 36.08 | TP:55.0, FP:96.0, FN:74.0, TN:88.0 | ACC: 45.69
INFO:root:TRAIN | Epoch: [41/50] | Loss: 0.6421 | AP: 59.12 | TP:60.81, FP:56.69, FN:38.03, TN:94.17 | ACC: 62.06
INFO:root:VAL   | Epoch: [41/50] | Loss: 0.7762 | AP: 36.33 | TP:51.0, FP:92.0, FN:78.0, TN:92.0 | ACC: 45.69
INFO:root:TRAIN | Epoch: [42/50] | Loss: 0.6450 | AP: 58.76 | TP:52.47, FP:48.09, FN:45.95, TN:103.18 | ACC: 62.35
INFO:root:VAL   | Epoch: [42/50] | Loss: 0.7823 | AP: 36.32 | TP:52.0, FP:91.0, FN:77.0, TN:93.0 | ACC: 46.33
INFO:root:TRAIN | Epoch: [43/50] | Loss: 0.6415 | AP: 59.19 | TP:56.49, FP:51.64, FN:42.28, TN:99.29 | ACC: 62.27
INFO:root:VAL   | Epoch: [43/50] | Loss: 0.7783 | AP: 36.29 | TP:53.0, FP:91.0, FN:76.0, TN:93.0 | ACC: 46.65
INFO:root:TRAIN | Epoch: [44/50] | Loss: 0.6421 | AP: 59.43 | TP:55.44, FP:49.69, FN:42.64, TN:101.93 | ACC: 63.11
INFO:root:VAL   | Epoch: [44/50] | Loss: 0.7757 | AP: 36.16 | TP:54.0, FP:92.0, FN:75.0, TN:92.0 | ACC: 46.65
INFO:root:TRAIN | Epoch: [45/50] | Loss: 0.6388 | AP: 59.97 | TP:59.00, FP:53.40, FN:39.29, TN:98.02 | ACC: 62.94
INFO:root:VAL   | Epoch: [45/50] | Loss: 0.7983 | AP: 35.82 | TP:55.0, FP:96.0, FN:74.0, TN:88.0 | ACC: 45.69
INFO:root:TRAIN | Epoch: [46/50] | Loss: 0.6375 | AP: 59.90 | TP:58.89, FP:53.37, FN:39.47, TN:97.98 | ACC: 62.85
INFO:root:VAL   | Epoch: [46/50] | Loss: 0.7829 | AP: 36.44 | TP:49.0, FP:85.0, FN:80.0, TN:99.0 | ACC: 47.28
INFO:root:TRAIN | Epoch: [47/50] | Loss: 0.6389 | AP: 59.92 | TP:58.01, FP:51.95, FN:40.76, TN:98.99 | ACC: 63.06
INFO:root:VAL   | Epoch: [47/50] | Loss: 0.7773 | AP: 36.84 | TP:51.0, FP:86.0, FN:78.0, TN:98.0 | ACC: 47.60
INFO:root:TRAIN | Epoch: [48/50] | Loss: 0.6414 | AP: 60.12 | TP:46.01, FP:40.17, FN:52.21, TN:111.31 | ACC: 62.90
INFO:root:VAL   | Epoch: [48/50] | Loss: 0.7917 | AP: 36.40 | TP:55.0, FP:90.0, FN:74.0, TN:94.0 | ACC: 47.60
INFO:root:TRAIN | Epoch: [49/50] | Loss: 0.6391 | AP: 59.66 | TP:58.39, FP:56.61, FN:40.45, TN:94.26 | ACC: 61.31
INFO:root:VAL   | Epoch: [49/50] | Loss: 0.7803 | AP: 36.97 | TP:53.0, FP:88.0, FN:76.0, TN:96.0 | ACC: 47.60
INFO:root:### Training from epoch 0 -> 49 finished in (1.03) minutes
INFO:root:### Best validation AP: 40.21 in epoch 0
INFO:root:# Test Set | Loss: 0.6933 | AP: 45.57 | TP:5.0, FP:8.0, FN:232.0, TN:338.0 | ACC: 58.83
INFO:root:Namespace(aggregation='max', batch_size=256, debug=False, device=device(type='cpu'), dropout=0.1, epochs=50, hidden_size=128, in_features=17, kernel_size=3, log_dir='exps/logs', lr=0.0001, model='LSTM', num_channels=[64, 64, 128], num_classes=2, num_layers=2, num_workers=4, print_freq=5, root='data', save_dir='exps/chpts/LSTM_layers2_stride5_max_lr0.0001', seed=14, start_epoch=0, tb_dir='exps/tb/LSTM_layers2_stride5_max_lr0.0001', temp_stride=5)
INFO:root:LSTM(
  (rnn): LSTM(17, 128, num_layers=2, batch_first=True)
  (fc): Linear(in_features=128, out_features=2, bias=True)
  (avg_pool): AdaptiveAvgPool1d(output_size=1)
  (max_pool): AdaptiveMaxPool1d(output_size=1)
)
INFO:root:=> Loading 4792 samples for train
INFO:root:=> Loading 626 samples for val
INFO:root:=> Loading 1166 samples for test
INFO:root:TRAIN | Epoch: [0/50] | Loss: 0.6930 | AP: 42.73 | TP:45.61, FP:68.53, FN:54.05, TN:85.05 | ACC: 51.46
INFO:root:VAL   | Epoch: [0/50] | Loss: 0.6916 | AP: 36.45 | TP:128.0, FP:184.0, FN:1.0, TN:0.0 | ACC: 40.89
INFO:root:=> AP improved (36.45) improved at epoch 0 | saving best model!
INFO:root:TRAIN | Epoch: [1/50] | Loss: 0.6874 | AP: 44.03 | TP:99.64, FP:153.38, FN:0.11, TN:0.11 | ACC: 39.36
INFO:root:VAL   | Epoch: [1/50] | Loss: 0.6884 | AP: 35.25 | TP:129.0, FP:184.0, FN:0.0, TN:0.0 | ACC: 41.21
INFO:root:TRAIN | Epoch: [2/50] | Loss: 0.6832 | AP: 45.87 | TP:99.66, FP:153.58, FN:0.00, TN:0.00 | ACC: 39.36
INFO:root:VAL   | Epoch: [2/50] | Loss: 0.6885 | AP: 33.80 | TP:129.0, FP:184.0, FN:0.0, TN:0.0 | ACC: 41.21
INFO:root:TRAIN | Epoch: [3/50] | Loss: 0.6804 | AP: 47.21 | TP:99.60, FP:153.43, FN:0.05, TN:0.15 | ACC: 39.40
INFO:root:VAL   | Epoch: [3/50] | Loss: 0.6907 | AP: 33.34 | TP:129.0, FP:184.0, FN:0.0, TN:0.0 | ACC: 41.21
INFO:root:TRAIN | Epoch: [4/50] | Loss: 0.6775 | AP: 48.17 | TP:98.67, FP:151.07, FN:0.95, TN:2.55 | ACC: 40.03
INFO:root:VAL   | Epoch: [4/50] | Loss: 0.6943 | AP: 33.38 | TP:124.5, FP:176.0, FN:4.5, TN:8.0 | ACC: 42.33
INFO:root:TRAIN | Epoch: [5/50] | Loss: 0.6731 | AP: 49.14 | TP:95.59, FP:139.55, FN:4.16, TN:13.94 | ACC: 43.30
INFO:root:VAL   | Epoch: [5/50] | Loss: 0.7022 | AP: 33.85 | TP:116.5, FP:161.0, FN:12.5, TN:23.0 | ACC: 44.57
INFO:root:TRAIN | Epoch: [6/50] | Loss: 0.6697 | AP: 49.89 | TP:87.65, FP:121.65, FN:12.09, TN:31.85 | ACC: 47.16
INFO:root:VAL   | Epoch: [6/50] | Loss: 0.7092 | AP: 34.58 | TP:103.0, FP:153.0, FN:26.0, TN:31.0 | ACC: 42.81
INFO:root:TRAIN | Epoch: [7/50] | Loss: 0.6653 | AP: 50.99 | TP:84.00, FP:110.94, FN:15.69, TN:42.61 | ACC: 49.98
INFO:root:VAL   | Epoch: [7/50] | Loss: 0.7204 | AP: 35.20 | TP:94.0, FP:144.5, FN:35.0, TN:39.5 | ACC: 42.65
INFO:root:TRAIN | Epoch: [8/50] | Loss: 0.6645 | AP: 51.50 | TP:82.24, FP:107.30, FN:17.28, TN:46.41 | ACC: 50.88
INFO:root:VAL   | Epoch: [8/50] | Loss: 0.7125 | AP: 36.55 | TP:87.5, FP:134.0, FN:41.5, TN:50.0 | ACC: 43.93
INFO:root:=> AP improved (36.55) improved at epoch 8 | saving best model!
INFO:root:TRAIN | Epoch: [9/50] | Loss: 0.6619 | AP: 51.91 | TP:82.50, FP:105.90, FN:17.21, TN:47.63 | ACC: 51.34
INFO:root:VAL   | Epoch: [9/50] | Loss: 0.7206 | AP: 36.36 | TP:93.5, FP:142.5, FN:35.5, TN:41.5 | ACC: 43.13
INFO:root:TRAIN | Epoch: [10/50] | Loss: 0.6594 | AP: 52.93 | TP:81.29, FP:103.39, FN:18.40, TN:50.16 | ACC: 51.86
INFO:root:VAL   | Epoch: [10/50] | Loss: 0.7190 | AP: 37.43 | TP:86.5, FP:137.5, FN:42.5, TN:46.5 | ACC: 42.49
INFO:root:=> AP improved (37.43) improved at epoch 10 | saving best model!
INFO:root:TRAIN | Epoch: [11/50] | Loss: 0.6588 | AP: 52.73 | TP:82.10, FP:102.91, FN:17.53, TN:50.70 | ACC: 52.42
INFO:root:VAL   | Epoch: [11/50] | Loss: 0.7183 | AP: 37.91 | TP:91.0, FP:139.5, FN:38.0, TN:44.5 | ACC: 43.29
INFO:root:=> AP improved (37.91) improved at epoch 11 | saving best model!
INFO:root:TRAIN | Epoch: [12/50] | Loss: 0.6555 | AP: 54.13 | TP:81.39, FP:102.83, FN:18.18, TN:50.84 | ACC: 52.25
INFO:root:VAL   | Epoch: [12/50] | Loss: 0.7288 | AP: 37.28 | TP:86.0, FP:136.5, FN:43.0, TN:47.5 | ACC: 42.65
INFO:root:TRAIN | Epoch: [13/50] | Loss: 0.6534 | AP: 54.58 | TP:79.62, FP:98.91, FN:20.23, TN:54.47 | ACC: 52.94
INFO:root:VAL   | Epoch: [13/50] | Loss: 0.7313 | AP: 37.24 | TP:85.0, FP:135.0, FN:44.0, TN:49.0 | ACC: 42.81
INFO:root:TRAIN | Epoch: [14/50] | Loss: 0.6529 | AP: 55.03 | TP:79.30, FP:97.40, FN:20.43, TN:56.10 | ACC: 53.48
INFO:root:VAL   | Epoch: [14/50] | Loss: 0.7289 | AP: 37.68 | TP:82.0, FP:136.0, FN:47.0, TN:48.0 | ACC: 41.53
INFO:root:TRAIN | Epoch: [15/50] | Loss: 0.6492 | AP: 55.89 | TP:77.46, FP:90.58, FN:22.24, TN:62.96 | ACC: 55.43
INFO:root:VAL   | Epoch: [15/50] | Loss: 0.7523 | AP: 36.59 | TP:92.0, FP:142.0, FN:37.0, TN:42.0 | ACC: 42.81
INFO:root:TRAIN | Epoch: [16/50] | Loss: 0.6494 | AP: 56.59 | TP:79.03, FP:95.21, FN:20.62, TN:58.37 | ACC: 54.28
INFO:root:VAL   | Epoch: [16/50] | Loss: 0.7408 | AP: 37.38 | TP:82.5, FP:133.5, FN:46.5, TN:50.5 | ACC: 42.49
INFO:root:TRAIN | Epoch: [17/50] | Loss: 0.6474 | AP: 56.76 | TP:80.33, FP:96.04, FN:19.40, TN:57.46 | ACC: 54.42
INFO:root:VAL   | Epoch: [17/50] | Loss: 0.7347 | AP: 37.99 | TP:75.0, FP:126.5, FN:54.0, TN:57.5 | ACC: 42.33
INFO:root:=> AP improved (37.99) improved at epoch 17 | saving best model!
INFO:root:TRAIN | Epoch: [18/50] | Loss: 0.6469 | AP: 56.72 | TP:78.64, FP:93.03, FN:21.09, TN:60.47 | ACC: 54.95
INFO:root:VAL   | Epoch: [18/50] | Loss: 0.7378 | AP: 37.46 | TP:76.0, FP:128.0, FN:53.0, TN:56.0 | ACC: 42.17
INFO:root:TRAIN | Epoch: [19/50] | Loss: 0.6448 | AP: 57.26 | TP:78.28, FP:91.19, FN:21.38, TN:62.38 | ACC: 55.51
INFO:root:VAL   | Epoch: [19/50] | Loss: 0.7545 | AP: 37.20 | TP:75.5, FP:129.0, FN:53.5, TN:55.0 | ACC: 41.69
INFO:root:TRAIN | Epoch: [20/50] | Loss: 0.6423 | AP: 57.79 | TP:76.93, FP:85.68, FN:22.76, TN:67.86 | ACC: 57.16
INFO:root:VAL   | Epoch: [20/50] | Loss: 0.7685 | AP: 37.31 | TP:91.5, FP:139.5, FN:37.5, TN:44.5 | ACC: 43.45
INFO:root:TRAIN | Epoch: [21/50] | Loss: 0.6427 | AP: 58.20 | TP:76.52, FP:85.40, FN:23.13, TN:68.19 | ACC: 57.14
INFO:root:VAL   | Epoch: [21/50] | Loss: 0.7696 | AP: 36.43 | TP:87.0, FP:140.0, FN:42.0, TN:44.0 | ACC: 41.85
INFO:root:TRAIN | Epoch: [22/50] | Loss: 0.6400 | AP: 58.46 | TP:78.35, FP:89.57, FN:21.25, TN:64.07 | ACC: 56.18
INFO:root:VAL   | Epoch: [22/50] | Loss: 0.7479 | AP: 37.77 | TP:79.0, FP:126.0, FN:50.0, TN:58.0 | ACC: 43.77
INFO:root:TRAIN | Epoch: [23/50] | Loss: 0.6352 | AP: 59.29 | TP:78.11, FP:89.70, FN:21.58, TN:63.84 | ACC: 56.07
INFO:root:VAL   | Epoch: [23/50] | Loss: 0.7510 | AP: 38.18 | TP:70.5, FP:122.5, FN:58.5, TN:61.5 | ACC: 42.17
INFO:root:=> AP improved (38.18) improved at epoch 23 | saving best model!
INFO:root:TRAIN | Epoch: [24/50] | Loss: 0.6344 | AP: 59.28 | TP:77.42, FP:86.03, FN:22.31, TN:67.47 | ACC: 57.14
INFO:root:VAL   | Epoch: [24/50] | Loss: 0.7550 | AP: 38.06 | TP:71.0, FP:117.5, FN:58.0, TN:66.5 | ACC: 43.93
INFO:root:TRAIN | Epoch: [25/50] | Loss: 0.6311 | AP: 60.17 | TP:77.36, FP:84.26, FN:22.37, TN:69.24 | ACC: 57.89
INFO:root:VAL   | Epoch: [25/50] | Loss: 0.7719 | AP: 37.56 | TP:75.5, FP:121.0, FN:53.5, TN:63.0 | ACC: 44.25
INFO:root:TRAIN | Epoch: [26/50] | Loss: 0.6282 | AP: 60.96 | TP:74.07, FP:78.30, FN:25.71, TN:75.16 | ACC: 58.89
INFO:root:VAL   | Epoch: [26/50] | Loss: 0.8001 | AP: 36.59 | TP:75.0, FP:125.5, FN:54.0, TN:58.5 | ACC: 42.65
INFO:root:TRAIN | Epoch: [27/50] | Loss: 0.6273 | AP: 60.98 | TP:77.06, FP:81.87, FN:22.59, TN:71.72 | ACC: 58.74
INFO:root:VAL   | Epoch: [27/50] | Loss: 0.7588 | AP: 38.14 | TP:75.0, FP:121.0, FN:54.0, TN:63.0 | ACC: 44.09
INFO:root:TRAIN | Epoch: [28/50] | Loss: 0.6251 | AP: 61.62 | TP:75.20, FP:78.44, FN:24.31, TN:75.29 | ACC: 59.45
INFO:root:VAL   | Epoch: [28/50] | Loss: 0.7636 | AP: 38.31 | TP:67.5, FP:111.0, FN:61.5, TN:73.0 | ACC: 44.89
INFO:root:=> AP improved (38.31) improved at epoch 28 | saving best model!
INFO:root:TRAIN | Epoch: [29/50] | Loss: 0.6209 | AP: 62.41 | TP:75.05, FP:78.17, FN:24.73, TN:75.28 | ACC: 59.29
INFO:root:VAL   | Epoch: [29/50] | Loss: 0.7650 | AP: 39.12 | TP:70.0, FP:108.0, FN:59.0, TN:76.0 | ACC: 46.65
INFO:root:=> AP improved (39.12) improved at epoch 29 | saving best model!
INFO:root:TRAIN | Epoch: [30/50] | Loss: 0.6201 | AP: 62.61 | TP:75.08, FP:77.11, FN:24.75, TN:76.30 | ACC: 59.77
INFO:root:VAL   | Epoch: [30/50] | Loss: 0.7550 | AP: 39.07 | TP:66.5, FP:110.5, FN:62.5, TN:73.5 | ACC: 44.73
INFO:root:TRAIN | Epoch: [31/50] | Loss: 0.6181 | AP: 63.59 | TP:73.60, FP:73.26, FN:26.04, TN:80.33 | ACC: 60.66
INFO:root:VAL   | Epoch: [31/50] | Loss: 0.7643 | AP: 39.34 | TP:66.5, FP:110.5, FN:62.5, TN:73.5 | ACC: 44.73
INFO:root:=> AP improved (39.34) improved at epoch 31 | saving best model!
INFO:root:TRAIN | Epoch: [32/50] | Loss: 0.6128 | AP: 63.74 | TP:75.76, FP:78.13, FN:23.96, TN:75.39 | ACC: 59.68
INFO:root:VAL   | Epoch: [32/50] | Loss: 0.7840 | AP: 38.60 | TP:71.0, FP:112.5, FN:58.0, TN:71.5 | ACC: 45.53
INFO:root:TRAIN | Epoch: [33/50] | Loss: 0.6129 | AP: 64.28 | TP:73.71, FP:74.52, FN:25.86, TN:79.15 | ACC: 60.35
INFO:root:VAL   | Epoch: [33/50] | Loss: 0.7509 | AP: 39.81 | TP:61.5, FP:102.5, FN:67.5, TN:81.5 | ACC: 45.69
INFO:root:=> AP improved (39.81) improved at epoch 33 | saving best model!
INFO:root:TRAIN | Epoch: [34/50] | Loss: 0.6111 | AP: 64.75 | TP:75.35, FP:78.49, FN:24.30, TN:75.10 | ACC: 59.31
INFO:root:VAL   | Epoch: [34/50] | Loss: 0.8071 | AP: 37.87 | TP:81.0, FP:130.0, FN:48.0, TN:54.0 | ACC: 43.13
INFO:root:TRAIN | Epoch: [35/50] | Loss: 0.6044 | AP: 65.73 | TP:73.95, FP:74.04, FN:25.54, TN:79.70 | ACC: 60.73
INFO:root:VAL   | Epoch: [35/50] | Loss: 0.8052 | AP: 38.33 | TP:66.5, FP:111.5, FN:62.5, TN:72.5 | ACC: 44.41
INFO:root:TRAIN | Epoch: [36/50] | Loss: 0.5994 | AP: 66.57 | TP:74.50, FP:72.32, FN:25.29, TN:81.12 | ACC: 61.37
INFO:root:VAL   | Epoch: [36/50] | Loss: 0.7839 | AP: 40.14 | TP:64.5, FP:106.0, FN:64.5, TN:78.0 | ACC: 45.53
INFO:root:=> AP improved (40.14) improved at epoch 36 | saving best model!
INFO:root:TRAIN | Epoch: [37/50] | Loss: 0.5967 | AP: 66.52 | TP:73.93, FP:71.57, FN:25.75, TN:81.97 | ACC: 61.58
INFO:root:VAL   | Epoch: [37/50] | Loss: 0.7977 | AP: 40.03 | TP:57.0, FP:97.0, FN:72.0, TN:87.0 | ACC: 46.01
INFO:root:TRAIN | Epoch: [38/50] | Loss: 0.5956 | AP: 67.04 | TP:71.38, FP:64.03, FN:28.20, TN:89.62 | ACC: 63.50
INFO:root:VAL   | Epoch: [38/50] | Loss: 0.8228 | AP: 38.08 | TP:82.0, FP:131.5, FN:47.0, TN:52.5 | ACC: 42.97
INFO:root:TRAIN | Epoch: [39/50] | Loss: 0.6013 | AP: 67.06 | TP:76.70, FP:77.11, FN:23.01, TN:76.42 | ACC: 60.43
INFO:root:VAL   | Epoch: [39/50] | Loss: 0.7666 | AP: 41.59 | TP:66.0, FP:103.0, FN:63.0, TN:81.0 | ACC: 46.96
INFO:root:=> AP improved (41.59) improved at epoch 39 | saving best model!
INFO:root:TRAIN | Epoch: [40/50] | Loss: 0.5922 | AP: 68.18 | TP:74.95, FP:70.98, FN:24.74, TN:82.57 | ACC: 62.23
INFO:root:VAL   | Epoch: [40/50] | Loss: 0.7750 | AP: 40.15 | TP:72.5, FP:107.0, FN:56.5, TN:77.0 | ACC: 47.76
INFO:root:TRAIN | Epoch: [41/50] | Loss: 0.5862 | AP: 68.76 | TP:75.48, FP:69.16, FN:24.23, TN:84.38 | ACC: 63.11
INFO:root:VAL   | Epoch: [41/50] | Loss: 0.8159 | AP: 40.32 | TP:77.0, FP:117.0, FN:52.0, TN:67.0 | ACC: 46.01
INFO:root:TRAIN | Epoch: [42/50] | Loss: 0.5805 | AP: 69.39 | TP:74.06, FP:69.03, FN:25.52, TN:84.62 | ACC: 62.69
INFO:root:VAL   | Epoch: [42/50] | Loss: 0.8217 | AP: 39.73 | TP:69.5, FP:112.0, FN:59.5, TN:72.0 | ACC: 45.21
INFO:root:TRAIN | Epoch: [43/50] | Loss: 0.5770 | AP: 69.83 | TP:73.95, FP:66.95, FN:25.88, TN:86.46 | ACC: 63.33
INFO:root:VAL   | Epoch: [43/50] | Loss: 0.8082 | AP: 40.70 | TP:61.5, FP:96.5, FN:67.5, TN:87.5 | ACC: 47.60
INFO:root:TRAIN | Epoch: [44/50] | Loss: 0.5773 | AP: 69.60 | TP:71.20, FP:60.21, FN:28.41, TN:93.41 | ACC: 65.03
INFO:root:VAL   | Epoch: [44/50] | Loss: 0.8445 | AP: 39.99 | TP:66.0, FP:109.5, FN:63.0, TN:74.5 | ACC: 44.89
INFO:root:TRAIN | Epoch: [45/50] | Loss: 0.5652 | AP: 71.49 | TP:74.85, FP:65.38, FN:24.75, TN:88.26 | ACC: 64.38
INFO:root:VAL   | Epoch: [45/50] | Loss: 0.8291 | AP: 39.55 | TP:64.5, FP:102.5, FN:64.5, TN:81.5 | ACC: 46.65
INFO:root:TRAIN | Epoch: [46/50] | Loss: 0.5673 | AP: 70.40 | TP:74.36, FP:63.46, FN:25.28, TN:90.14 | ACC: 64.96
INFO:root:VAL   | Epoch: [46/50] | Loss: 0.8148 | AP: 41.23 | TP:71.5, FP:111.5, FN:57.5, TN:72.5 | ACC: 46.01
INFO:root:TRAIN | Epoch: [47/50] | Loss: 0.5609 | AP: 71.52 | TP:76.25, FP:63.50, FN:23.45, TN:90.03 | ACC: 65.59
INFO:root:VAL   | Epoch: [47/50] | Loss: 0.8408 | AP: 39.10 | TP:69.0, FP:108.0, FN:60.0, TN:76.0 | ACC: 46.33
INFO:root:TRAIN | Epoch: [48/50] | Loss: 0.5599 | AP: 71.79 | TP:75.25, FP:62.65, FN:24.44, TN:90.89 | ACC: 65.57
INFO:root:VAL   | Epoch: [48/50] | Loss: 0.8707 | AP: 40.70 | TP:68.0, FP:107.5, FN:61.0, TN:76.5 | ACC: 46.17
INFO:root:TRAIN | Epoch: [49/50] | Loss: 0.5586 | AP: 71.88 | TP:77.18, FP:65.06, FN:22.62, TN:88.39 | ACC: 65.40
INFO:root:VAL   | Epoch: [49/50] | Loss: 0.8180 | AP: 40.86 | TP:63.5, FP:103.5, FN:65.5, TN:80.5 | ACC: 46.01
INFO:root:### Training from epoch 0 -> 49 finished in (118.46) minutes
INFO:root:### Best validation AP: 41.59 in epoch 39
INFO:root:# Test Set | Loss: 0.7660 | AP: 39.40 | TP:139.0, FP:203.5, FN:98.0, TN:142.5 | ACC: 48.28
INFO:root:Namespace(aggregation='max', batch_size=256, debug=False, device=device(type='cpu'), dropout=0.1, epochs=20, hidden_size=128, in_features=17, kernel_size=3, log_dir='exps/logs', lr=0.0001, model='LSTM', num_channels=[64, 64, 128], num_classes=2, num_layers=2, num_workers=4, print_freq=5, root='data', save_dir='exps/chpts/LSTM_layers2_stride5_max_lr0.0001', seed=14, start_epoch=0, tb_dir='exps/tb/LSTM_layers2_stride5_max_lr0.0001', temp_stride=5)
INFO:root:LSTM(
  (rnn): LSTM(17, 128, num_layers=2, batch_first=True)
  (fc): Linear(in_features=128, out_features=2, bias=True)
  (avg_pool): AdaptiveAvgPool1d(output_size=1)
  (max_pool): AdaptiveMaxPool1d(output_size=1)
)
INFO:root:=> Loading 4792 samples for train
INFO:root:=> Loading 626 samples for val
INFO:root:=> Loading 1166 samples for test
INFO:root:TRAIN | Epoch: [0/20] | Loss: 0.6930 | AP: 42.86 | TP:46.09, FP:68.65, FN:53.57, TN:84.93 | ACC: 51.61
INFO:root:VAL   | Epoch: [0/20] | Loss: 0.6916 | AP: 36.46 | TP:128.5, FP:184.0, FN:0.5, TN:0.0 | ACC: 41.05
INFO:root:=> AP improved (36.46) improved at epoch 0 | saving best model!
INFO:root:TRAIN | Epoch: [1/20] | Loss: 0.6872 | AP: 44.17 | TP:99.64, FP:153.43, FN:0.11, TN:0.05 | ACC: 39.34
INFO:root:VAL   | Epoch: [1/20] | Loss: 0.6887 | AP: 34.64 | TP:129.0, FP:184.0, FN:0.0, TN:0.0 | ACC: 41.21
INFO:root:TRAIN | Epoch: [2/20] | Loss: 0.6831 | AP: 45.69 | TP:99.66, FP:153.58, FN:0.00, TN:0.00 | ACC: 39.36
INFO:root:VAL   | Epoch: [2/20] | Loss: 0.6886 | AP: 33.87 | TP:129.0, FP:184.0, FN:0.0, TN:0.0 | ACC: 41.21
INFO:root:TRAIN | Epoch: [3/20] | Loss: 0.6804 | AP: 46.85 | TP:99.46, FP:153.36, FN:0.20, TN:0.21 | ACC: 39.36
INFO:root:VAL   | Epoch: [3/20] | Loss: 0.6911 | AP: 33.17 | TP:129.0, FP:184.0, FN:0.0, TN:0.0 | ACC: 41.21
INFO:root:TRAIN | Epoch: [4/20] | Loss: 0.6772 | AP: 47.98 | TP:97.76, FP:149.68, FN:1.85, TN:3.94 | ACC: 40.21
INFO:root:VAL   | Epoch: [4/20] | Loss: 0.6955 | AP: 32.91 | TP:123.0, FP:173.5, FN:6.0, TN:10.5 | ACC: 42.65
INFO:root:TRAIN | Epoch: [5/20] | Loss: 0.6737 | AP: 48.79 | TP:95.09, FP:138.38, FN:4.66, TN:15.11 | ACC: 43.55
INFO:root:VAL   | Epoch: [5/20] | Loss: 0.7022 | AP: 33.70 | TP:114.5, FP:161.0, FN:14.5, TN:23.0 | ACC: 43.93
INFO:root:TRAIN | Epoch: [6/20] | Loss: 0.6688 | AP: 49.82 | TP:88.54, FP:120.90, FN:11.19, TN:32.60 | ACC: 47.81
INFO:root:VAL   | Epoch: [6/20] | Loss: 0.7092 | AP: 34.71 | TP:104.5, FP:151.0, FN:24.5, TN:33.0 | ACC: 43.93
INFO:root:TRAIN | Epoch: [7/20] | Loss: 0.6662 | AP: 50.59 | TP:83.59, FP:111.02, FN:16.10, TN:42.53 | ACC: 49.77
INFO:root:VAL   | Epoch: [7/20] | Loss: 0.7202 | AP: 35.20 | TP:93.5, FP:142.5, FN:35.5, TN:41.5 | ACC: 43.13
INFO:root:TRAIN | Epoch: [8/20] | Loss: 0.6657 | AP: 51.27 | TP:82.53, FP:109.68, FN:16.99, TN:44.03 | ACC: 50.04
INFO:root:VAL   | Epoch: [8/20] | Loss: 0.7117 | AP: 36.34 | TP:87.5, FP:136.5, FN:41.5, TN:47.5 | ACC: 43.13
INFO:root:TRAIN | Epoch: [9/20] | Loss: 0.6605 | AP: 52.42 | TP:82.62, FP:105.88, FN:17.08, TN:47.65 | ACC: 51.40
INFO:root:VAL   | Epoch: [9/20] | Loss: 0.7193 | AP: 36.84 | TP:92.0, FP:141.0, FN:37.0, TN:43.0 | ACC: 43.13
INFO:root:=> AP improved (36.84) improved at epoch 9 | saving best model!
INFO:root:TRAIN | Epoch: [10/20] | Loss: 0.6609 | AP: 52.13 | TP:79.79, FP:101.68, FN:19.90, TN:51.87 | ACC: 51.96
INFO:root:VAL   | Epoch: [10/20] | Loss: 0.7182 | AP: 37.19 | TP:85.5, FP:135.5, FN:43.5, TN:48.5 | ACC: 42.81
INFO:root:=> AP improved (37.19) improved at epoch 10 | saving best model!
INFO:root:TRAIN | Epoch: [11/20] | Loss: 0.6585 | AP: 52.76 | TP:80.87, FP:102.42, FN:18.75, TN:51.19 | ACC: 52.15
INFO:root:VAL   | Epoch: [11/20] | Loss: 0.7181 | AP: 37.63 | TP:90.0, FP:138.5, FN:39.0, TN:45.5 | ACC: 43.29
INFO:root:=> AP improved (37.63) improved at epoch 11 | saving best model!
INFO:root:TRAIN | Epoch: [12/20] | Loss: 0.6550 | AP: 54.16 | TP:81.48, FP:102.54, FN:18.08, TN:51.13 | ACC: 52.36
INFO:root:VAL   | Epoch: [12/20] | Loss: 0.7266 | AP: 38.03 | TP:85.5, FP:135.0, FN:43.5, TN:49.0 | ACC: 42.97
INFO:root:=> AP improved (38.03) improved at epoch 12 | saving best model!
INFO:root:TRAIN | Epoch: [13/20] | Loss: 0.6545 | AP: 54.38 | TP:79.87, FP:98.19, FN:19.98, TN:55.19 | ACC: 53.34
INFO:root:VAL   | Epoch: [13/20] | Loss: 0.7270 | AP: 37.96 | TP:83.0, FP:133.0, FN:46.0, TN:51.0 | ACC: 42.81
INFO:root:TRAIN | Epoch: [14/20] | Loss: 0.6522 | AP: 55.17 | TP:79.61, FP:98.16, FN:20.12, TN:55.34 | ACC: 53.30
INFO:root:VAL   | Epoch: [14/20] | Loss: 0.7330 | AP: 37.52 | TP:84.0, FP:135.0, FN:45.0, TN:49.0 | ACC: 42.49
INFO:root:TRAIN | Epoch: [15/20] | Loss: 0.6500 | AP: 55.23 | TP:77.37, FP:91.22, FN:22.33, TN:62.31 | ACC: 55.15
INFO:root:VAL   | Epoch: [15/20] | Loss: 0.7485 | AP: 37.39 | TP:92.5, FP:141.0, FN:36.5, TN:43.0 | ACC: 43.29
INFO:root:TRAIN | Epoch: [16/20] | Loss: 0.6494 | AP: 56.30 | TP:79.46, FP:94.18, FN:20.20, TN:59.39 | ACC: 54.86
INFO:root:VAL   | Epoch: [16/20] | Loss: 0.7405 | AP: 37.55 | TP:80.0, FP:134.5, FN:49.0, TN:49.5 | ACC: 41.37
INFO:root:TRAIN | Epoch: [17/20] | Loss: 0.6481 | AP: 56.45 | TP:79.10, FP:93.69, FN:20.63, TN:59.81 | ACC: 54.86
INFO:root:VAL   | Epoch: [17/20] | Loss: 0.7384 | AP: 37.14 | TP:73.5, FP:126.0, FN:55.5, TN:58.0 | ACC: 42.01
INFO:root:TRAIN | Epoch: [18/20] | Loss: 0.6453 | AP: 57.28 | TP:78.09, FP:91.66, FN:21.64, TN:61.84 | ACC: 55.30
INFO:root:VAL   | Epoch: [18/20] | Loss: 0.7378 | AP: 37.84 | TP:74.0, FP:124.5, FN:55.0, TN:59.5 | ACC: 42.65
INFO:root:TRAIN | Epoch: [19/20] | Loss: 0.6431 | AP: 57.73 | TP:77.47, FP:89.71, FN:22.19, TN:63.86 | ACC: 55.80
INFO:root:VAL   | Epoch: [19/20] | Loss: 0.7552 | AP: 37.49 | TP:73.5, FP:124.5, FN:55.5, TN:59.5 | ACC: 42.49
INFO:root:### Training from epoch 0 -> 19 finished in (17.89) minutes
INFO:root:### Best validation AP: 38.03 in epoch 12
INFO:root:# Test Set | Loss: 0.6975 | AP: 43.20 | TP:194.0, FP:258.5, FN:43.0, TN:87.5 | ACC: 48.28
INFO:root:Namespace(aggregation='max', batch_size=256, debug=False, device=device(type='cpu'), dropout=0.1, epochs=30, hidden_size=128, in_features=17, kernel_size=3, log_dir='exps/logs', lr=0.0001, model='LSTM', num_channels=[64, 64, 128], num_classes=2, num_layers=2, num_workers=4, print_freq=5, root='data', save_dir='exps/chpts/LSTM_layers2_stride5_max_lr0.0001', seed=14, start_epoch=0, tb_dir='exps/tb/LSTM_layers2_stride5_max_lr0.0001', temp_stride=5, wd=1e-05)
INFO:root:LSTM(
  (rnn): LSTM(17, 128, num_layers=2, batch_first=True)
  (fc): Linear(in_features=128, out_features=2, bias=True)
  (avg_pool): AdaptiveAvgPool1d(output_size=1)
  (max_pool): AdaptiveMaxPool1d(output_size=1)
)
INFO:root:=> Loading 4792 samples for train
INFO:root:=> Loading 626 samples for val
INFO:root:=> Loading 1166 samples for test
INFO:root:TRAIN | Epoch: [0/30] | Loss: 0.6929 | AP: 43.51 | TP:46.36, FP:67.89, FN:53.30, TN:85.69 | ACC: 52.00
INFO:root:VAL   | Epoch: [0/30] | Loss: 0.6915 | AP: 37.37 | TP:128.5, FP:184.0, FN:0.5, TN:0.0 | ACC: 41.05
INFO:root:=> AP improved (37.37) improved at epoch 0 | saving best model!
INFO:root:TRAIN | Epoch: [1/30] | Loss: 0.6872 | AP: 44.45 | TP:99.64, FP:153.38, FN:0.11, TN:0.11 | ACC: 39.36
INFO:root:VAL   | Epoch: [1/30] | Loss: 0.6886 | AP: 34.98 | TP:129.0, FP:184.0, FN:0.0, TN:0.0 | ACC: 41.21
INFO:root:TRAIN | Epoch: [2/30] | Loss: 0.6831 | AP: 45.61 | TP:99.66, FP:153.58, FN:0.00, TN:0.00 | ACC: 39.36
INFO:root:VAL   | Epoch: [2/30] | Loss: 0.6884 | AP: 34.29 | TP:129.0, FP:184.0, FN:0.0, TN:0.0 | ACC: 41.21
INFO:root:TRAIN | Epoch: [3/30] | Loss: 0.6803 | AP: 47.16 | TP:99.51, FP:153.27, FN:0.15, TN:0.31 | ACC: 39.42
INFO:root:VAL   | Epoch: [3/30] | Loss: 0.6904 | AP: 33.77 | TP:129.0, FP:184.0, FN:0.0, TN:0.0 | ACC: 41.21
INFO:root:TRAIN | Epoch: [4/30] | Loss: 0.6770 | AP: 48.18 | TP:97.92, FP:149.61, FN:1.69, TN:4.01 | ACC: 40.30
INFO:root:VAL   | Epoch: [4/30] | Loss: 0.6960 | AP: 33.12 | TP:119.0, FP:174.0, FN:10.0, TN:10.0 | ACC: 41.21
INFO:root:TRAIN | Epoch: [5/30] | Loss: 0.6720 | AP: 49.65 | TP:94.64, FP:136.88, FN:5.11, TN:16.60 | ACC: 43.95
INFO:root:VAL   | Epoch: [5/30] | Loss: 0.7039 | AP: 33.59 | TP:113.5, FP:159.5, FN:15.5, TN:24.5 | ACC: 44.09
INFO:root:TRAIN | Epoch: [6/30] | Loss: 0.6683 | AP: 50.16 | TP:86.75, FP:118.13, FN:12.98, TN:35.37 | ACC: 48.23
INFO:root:VAL   | Epoch: [6/30] | Loss: 0.7115 | AP: 34.55 | TP:100.5, FP:148.0, FN:28.5, TN:36.0 | ACC: 43.61
INFO:root:TRAIN | Epoch: [7/30] | Loss: 0.6657 | AP: 50.76 | TP:83.09, FP:109.25, FN:16.59, TN:44.30 | ACC: 50.29
INFO:root:VAL   | Epoch: [7/30] | Loss: 0.7131 | AP: 35.94 | TP:94.0, FP:138.0, FN:35.0, TN:46.0 | ACC: 44.73
INFO:root:TRAIN | Epoch: [8/30] | Loss: 0.6646 | AP: 51.70 | TP:81.62, FP:106.24, FN:17.90, TN:47.47 | ACC: 51.04
INFO:root:VAL   | Epoch: [8/30] | Loss: 0.7084 | AP: 37.05 | TP:86.0, FP:131.0, FN:43.0, TN:53.0 | ACC: 44.41
INFO:root:TRAIN | Epoch: [9/30] | Loss: 0.6611 | AP: 52.47 | TP:80.83, FP:104.74, FN:18.87, TN:48.79 | ACC: 51.13
INFO:root:VAL   | Epoch: [9/30] | Loss: 0.7200 | AP: 36.66 | TP:91.5, FP:138.5, FN:37.5, TN:45.5 | ACC: 43.77
INFO:root:TRAIN | Epoch: [10/30] | Loss: 0.6608 | AP: 52.44 | TP:79.79, FP:102.28, FN:19.89, TN:51.26 | ACC: 51.71
INFO:root:VAL   | Epoch: [10/30] | Loss: 0.7166 | AP: 37.77 | TP:86.5, FP:134.0, FN:42.5, TN:50.0 | ACC: 43.61
INFO:root:=> AP improved (37.77) improved at epoch 10 | saving best model!
INFO:root:TRAIN | Epoch: [11/30] | Loss: 0.6591 | AP: 52.85 | TP:80.48, FP:101.95, FN:19.15, TN:51.66 | ACC: 52.13
INFO:root:VAL   | Epoch: [11/30] | Loss: 0.7190 | AP: 37.47 | TP:89.5, FP:138.5, FN:39.5, TN:45.5 | ACC: 43.13
INFO:root:TRAIN | Epoch: [12/30] | Loss: 0.6569 | AP: 53.80 | TP:80.73, FP:103.31, FN:18.84, TN:50.35 | ACC: 51.73
INFO:root:VAL   | Epoch: [12/30] | Loss: 0.7211 | AP: 38.09 | TP:87.0, FP:134.0, FN:42.0, TN:50.0 | ACC: 43.77
INFO:root:=> AP improved (38.09) improved at epoch 12 | saving best model!
INFO:root:TRAIN | Epoch: [13/30] | Loss: 0.6534 | AP: 54.91 | TP:79.47, FP:98.58, FN:20.38, TN:54.80 | ACC: 52.98
INFO:root:VAL   | Epoch: [13/30] | Loss: 0.7311 | AP: 37.81 | TP:85.5, FP:135.5, FN:43.5, TN:48.5 | ACC: 42.81
INFO:root:TRAIN | Epoch: [14/30] | Loss: 0.6519 | AP: 55.51 | TP:79.98, FP:97.42, FN:19.75, TN:56.08 | ACC: 53.74
INFO:root:VAL   | Epoch: [14/30] | Loss: 0.7361 | AP: 37.23 | TP:83.5, FP:135.0, FN:45.5, TN:49.0 | ACC: 42.33
INFO:root:TRAIN | Epoch: [15/30] | Loss: 0.6505 | AP: 55.69 | TP:76.58, FP:91.75, FN:23.12, TN:61.78 | ACC: 54.61
INFO:root:VAL   | Epoch: [15/30] | Loss: 0.7523 | AP: 36.90 | TP:91.0, FP:140.0, FN:38.0, TN:44.0 | ACC: 43.13
INFO:root:TRAIN | Epoch: [16/30] | Loss: 0.6483 | AP: 56.57 | TP:78.37, FP:93.35, FN:21.29, TN:60.23 | ACC: 54.74
INFO:root:VAL   | Epoch: [16/30] | Loss: 0.7451 | AP: 37.15 | TP:79.0, FP:132.5, FN:50.0, TN:51.5 | ACC: 41.69
INFO:root:TRAIN | Epoch: [17/30] | Loss: 0.6465 | AP: 57.01 | TP:78.92, FP:93.72, FN:20.81, TN:59.78 | ACC: 54.80
INFO:root:VAL   | Epoch: [17/30] | Loss: 0.7387 | AP: 37.62 | TP:78.0, FP:124.0, FN:51.0, TN:60.0 | ACC: 44.09
INFO:root:TRAIN | Epoch: [18/30] | Loss: 0.6462 | AP: 57.04 | TP:77.64, FP:91.06, FN:22.09, TN:62.45 | ACC: 55.32
INFO:root:VAL   | Epoch: [18/30] | Loss: 0.7288 | AP: 38.17 | TP:74.5, FP:124.0, FN:54.5, TN:60.0 | ACC: 42.97
INFO:root:=> AP improved (38.17) improved at epoch 18 | saving best model!
INFO:root:TRAIN | Epoch: [19/30] | Loss: 0.6441 | AP: 57.49 | TP:78.08, FP:90.64, FN:21.58, TN:62.94 | ACC: 55.66
INFO:root:VAL   | Epoch: [19/30] | Loss: 0.7512 | AP: 37.14 | TP:74.5, FP:125.5, FN:54.5, TN:58.5 | ACC: 42.49
INFO:root:TRAIN | Epoch: [20/30] | Loss: 0.6421 | AP: 58.43 | TP:75.89, FP:85.61, FN:23.80, TN:67.94 | ACC: 56.78
INFO:root:VAL   | Epoch: [20/30] | Loss: 0.7706 | AP: 36.96 | TP:84.5, FP:136.5, FN:44.5, TN:47.5 | ACC: 42.17
INFO:root:TRAIN | Epoch: [21/30] | Loss: 0.6410 | AP: 58.45 | TP:76.36, FP:84.07, FN:23.28, TN:69.53 | ACC: 57.58
INFO:root:VAL   | Epoch: [21/30] | Loss: 0.7839 | AP: 36.56 | TP:87.5, FP:139.5, FN:41.5, TN:44.5 | ACC: 42.17
INFO:root:TRAIN | Epoch: [22/30] | Loss: 0.6392 | AP: 58.94 | TP:77.89, FP:88.09, FN:21.71, TN:65.55 | ACC: 56.55
INFO:root:VAL   | Epoch: [22/30] | Loss: 0.7541 | AP: 37.37 | TP:79.0, FP:128.5, FN:50.0, TN:55.5 | ACC: 42.97
INFO:root:TRAIN | Epoch: [23/30] | Loss: 0.6353 | AP: 59.28 | TP:77.93, FP:89.33, FN:21.75, TN:64.22 | ACC: 56.16
INFO:root:VAL   | Epoch: [23/30] | Loss: 0.7621 | AP: 37.55 | TP:68.0, FP:119.5, FN:61.0, TN:64.5 | ACC: 42.33
INFO:root:TRAIN | Epoch: [24/30] | Loss: 0.6335 | AP: 59.70 | TP:76.95, FP:85.16, FN:22.78, TN:68.34 | ACC: 57.28
INFO:root:VAL   | Epoch: [24/30] | Loss: 0.7538 | AP: 37.79 | TP:68.0, FP:111.0, FN:61.0, TN:73.0 | ACC: 45.05
INFO:root:TRAIN | Epoch: [25/30] | Loss: 0.6311 | AP: 60.19 | TP:77.35, FP:83.07, FN:22.39, TN:70.43 | ACC: 58.35
INFO:root:VAL   | Epoch: [25/30] | Loss: 0.7702 | AP: 37.47 | TP:71.5, FP:124.0, FN:57.5, TN:60.0 | ACC: 42.01
INFO:root:TRAIN | Epoch: [26/30] | Loss: 0.6322 | AP: 60.06 | TP:74.38, FP:79.58, FN:25.39, TN:73.87 | ACC: 58.54
INFO:root:VAL   | Epoch: [26/30] | Loss: 0.7848 | AP: 37.14 | TP:75.0, FP:126.0, FN:54.0, TN:58.0 | ACC: 42.49
INFO:root:TRAIN | Epoch: [27/30] | Loss: 0.6264 | AP: 61.43 | TP:76.32, FP:82.72, FN:23.32, TN:70.87 | ACC: 58.14
INFO:root:VAL   | Epoch: [27/30] | Loss: 0.7650 | AP: 37.60 | TP:72.0, FP:118.0, FN:57.0, TN:66.0 | ACC: 44.09
INFO:root:TRAIN | Epoch: [28/30] | Loss: 0.6244 | AP: 61.64 | TP:75.32, FP:78.50, FN:24.18, TN:75.23 | ACC: 59.47
INFO:root:VAL   | Epoch: [28/30] | Loss: 0.7663 | AP: 38.48 | TP:69.0, FP:108.5, FN:60.0, TN:75.5 | ACC: 46.17
INFO:root:=> AP improved (38.48) improved at epoch 28 | saving best model!
INFO:root:TRAIN | Epoch: [29/30] | Loss: 0.6225 | AP: 62.24 | TP:74.49, FP:78.39, FN:25.29, TN:75.07 | ACC: 58.97
INFO:root:VAL   | Epoch: [29/30] | Loss: 0.7572 | AP: 39.19 | TP:71.0, FP:112.5, FN:58.0, TN:71.5 | ACC: 45.53
INFO:root:=> AP improved (39.19) improved at epoch 29 | saving best model!
INFO:root:### Training from epoch 0 -> 29 finished in (26.76) minutes
INFO:root:### Best validation AP: 39.19 in epoch 29
INFO:root:# Test Set | Loss: 0.7495 | AP: 39.75 | TP:160.0, FP:228.0, FN:77.0, TN:118.0 | ACC: 47.68
INFO:root:Namespace(aggregation='max', batch_size=256, debug=False, device=device(type='cpu'), dropout=0.1, epochs=30, hidden_size=128, in_features=17, kernel_size=3, log_dir='exps/logs', lr=0.0001, model='LSTM', num_channels=[64, 64, 128], num_classes=2, num_layers=2, num_workers=4, print_freq=5, root='data', save_dir='exps/chpts/LSTM_layers2_stride5_max_lr0.0001', seed=14, start_epoch=0, tb_dir='exps/tb/LSTM_layers2_stride5_max_lr0.0001', temp_stride=5, wd=1e-05)
INFO:root:LSTM(
  (rnn): LSTM(17, 128, num_layers=2, batch_first=True)
  (fc): Linear(in_features=128, out_features=2, bias=True)
  (avg_pool): AdaptiveAvgPool1d(output_size=1)
  (max_pool): AdaptiveMaxPool1d(output_size=1)
)
INFO:root:=> Loading 2396 samples for train
INFO:root:=> Loading 313 samples for val
INFO:root:=> Loading 583 samples for test
INFO:root:TRAIN | Epoch: [0/30] | Loss: 0.6944 | AP: 43.45 | TP:8.70, FP:9.99, FN:89.04, TN:141.96 | ACC: 60.06
INFO:root:VAL   | Epoch: [0/30] | Loss: 0.6940 | AP: 39.61 | TP:53.0, FP:102.0, FN:76.0, TN:82.0 | ACC: 43.13
INFO:root:=> AP improved (39.61) improved at epoch 0 | saving best model!
