INFO:root:Namespace(aggregation='average', batch_size=256, debug=False, device=device(type='cuda'), dropout=0.1, epochs=50, hidden_size=128, in_features=17, kernel_size=3, log_dir='exps/logs', lr=0.0001, model='LSTM', num_channels=[64, 64, 128], num_classes=2, num_layers=2, num_workers=4, print_freq=5, root='data', save_dir='exps/chpts/LSTM_layers2_stride5_average_lr0.0001', seed=14, start_epoch=0, tb_dir='exps/tb/LSTM_layers2_stride5_average_lr0.0001', temp_stride=5)
INFO:root:LSTM(
  (rnn): LSTM(17, 128, num_layers=2, batch_first=True)
  (fc): Linear(in_features=128, out_features=2, bias=True)
  (avg_pool): AdaptiveAvgPool1d(output_size=1)
  (max_pool): AdaptiveMaxPool1d(output_size=1)
)
INFO:root:=> Loading 2396 samples for train
INFO:root:=> Loading 313 samples for val
INFO:root:=> Loading 583 samples for test
INFO:root:TRAIN | Epoch: [0/50] | Loss: 0.6930 | AP: 44.90 | TP:2.60, FP:2.36, FN:95.89, TN:148.85 | ACC: 60.68
INFO:root:VAL   | Epoch: [0/50] | Loss: 0.6944 | AP: 39.29 | TP:6.0, FP:8.0, FN:123.0, TN:176.0 | ACC: 58.15
INFO:root:=> AP improved (39.29) improved at epoch 0 | saving best model!
INFO:root:TRAIN | Epoch: [1/50] | Loss: 0.6919 | AP: 48.44 | TP:24.77, FP:25.56, FN:73.66, TN:125.71 | ACC: 60.23
INFO:root:VAL   | Epoch: [1/50] | Loss: 0.6944 | AP: 36.24 | TP:60.0, FP:108.0, FN:69.0, TN:76.0 | ACC: 43.45
INFO:root:TRAIN | Epoch: [2/50] | Loss: 0.6909 | AP: 47.60 | TP:63.90, FP:74.55, FN:34.12, TN:77.14 | ACC: 56.51
INFO:root:VAL   | Epoch: [2/50] | Loss: 0.6949 | AP: 35.21 | TP:82.0, FP:128.0, FN:47.0, TN:56.0 | ACC: 44.09
INFO:root:TRAIN | Epoch: [3/50] | Loss: 0.6899 | AP: 47.95 | TP:75.21, FP:97.06, FN:22.33, TN:55.11 | ACC: 52.30
INFO:root:VAL   | Epoch: [3/50] | Loss: 0.6957 | AP: 34.77 | TP:87.0, FP:142.0, FN:42.0, TN:42.0 | ACC: 41.21
INFO:root:TRAIN | Epoch: [4/50] | Loss: 0.6888 | AP: 48.28 | TP:80.66, FP:106.89, FN:18.04, TN:44.11 | ACC: 49.83
INFO:root:VAL   | Epoch: [4/50] | Loss: 0.6964 | AP: 34.50 | TP:98.0, FP:147.0, FN:31.0, TN:37.0 | ACC: 43.13
INFO:root:TRAIN | Epoch: [5/50] | Loss: 0.6873 | AP: 48.77 | TP:81.29, FP:106.00, FN:16.87, TN:45.55 | ACC: 50.67
INFO:root:VAL   | Epoch: [5/50] | Loss: 0.6977 | AP: 34.55 | TP:86.0, FP:140.0, FN:43.0, TN:44.0 | ACC: 41.53
INFO:root:TRAIN | Epoch: [6/50] | Loss: 0.6861 | AP: 48.48 | TP:74.61, FP:97.85, FN:23.81, TN:53.42 | ACC: 51.38
INFO:root:VAL   | Epoch: [6/50] | Loss: 0.6994 | AP: 34.75 | TP:77.0, FP:130.0, FN:52.0, TN:54.0 | ACC: 41.85
INFO:root:TRAIN | Epoch: [7/50] | Loss: 0.6843 | AP: 48.59 | TP:71.71, FP:91.03, FN:26.24, TN:60.73 | ACC: 52.96
INFO:root:VAL   | Epoch: [7/50] | Loss: 0.7023 | AP: 34.78 | TP:78.0, FP:131.0, FN:51.0, TN:53.0 | ACC: 41.85
INFO:root:TRAIN | Epoch: [8/50] | Loss: 0.6821 | AP: 49.73 | TP:72.38, FP:95.36, FN:25.71, TN:56.26 | ACC: 51.59
INFO:root:VAL   | Epoch: [8/50] | Loss: 0.7061 | AP: 34.73 | TP:79.0, FP:132.0, FN:50.0, TN:52.0 | ACC: 41.85
INFO:root:TRAIN | Epoch: [9/50] | Loss: 0.6801 | AP: 49.41 | TP:72.50, FP:90.78, FN:25.93, TN:60.49 | ACC: 53.05
INFO:root:VAL   | Epoch: [9/50] | Loss: 0.7114 | AP: 34.82 | TP:75.0, FP:127.0, FN:54.0, TN:57.0 | ACC: 42.17
INFO:root:TRAIN | Epoch: [10/50] | Loss: 0.6796 | AP: 49.27 | TP:68.31, FP:86.17, FN:30.05, TN:65.17 | ACC: 53.51
INFO:root:VAL   | Epoch: [10/50] | Loss: 0.7152 | AP: 35.11 | TP:73.0, FP:124.0, FN:56.0, TN:60.0 | ACC: 42.49
INFO:root:TRAIN | Epoch: [11/50] | Loss: 0.6775 | AP: 49.51 | TP:70.29, FP:87.24, FN:28.42, TN:63.76 | ACC: 53.67
INFO:root:VAL   | Epoch: [11/50] | Loss: 0.7197 | AP: 35.16 | TP:75.0, FP:126.0, FN:54.0, TN:58.0 | ACC: 42.49
INFO:root:TRAIN | Epoch: [12/50] | Loss: 0.6758 | AP: 50.44 | TP:67.98, FP:83.51, FN:30.72, TN:67.49 | ACC: 54.26
INFO:root:VAL   | Epoch: [12/50] | Loss: 0.7241 | AP: 35.54 | TP:71.0, FP:118.0, FN:58.0, TN:66.0 | ACC: 43.77
INFO:root:TRAIN | Epoch: [13/50] | Loss: 0.6770 | AP: 50.44 | TP:61.65, FP:72.04, FN:36.57, TN:79.44 | ACC: 56.64
INFO:root:VAL   | Epoch: [13/50] | Loss: 0.7243 | AP: 36.02 | TP:63.0, FP:108.0, FN:66.0, TN:76.0 | ACC: 44.41
INFO:root:TRAIN | Epoch: [14/50] | Loss: 0.6756 | AP: 50.24 | TP:64.33, FP:77.09, FN:33.69, TN:74.60 | ACC: 55.55
INFO:root:VAL   | Epoch: [14/50] | Loss: 0.7270 | AP: 35.76 | TP:73.0, FP:121.0, FN:56.0, TN:63.0 | ACC: 43.45
INFO:root:TRAIN | Epoch: [15/50] | Loss: 0.6750 | AP: 50.71 | TP:67.91, FP:81.22, FN:30.10, TN:70.47 | ACC: 55.26
INFO:root:VAL   | Epoch: [15/50] | Loss: 0.7246 | AP: 36.09 | TP:71.0, FP:119.0, FN:58.0, TN:65.0 | ACC: 43.45
INFO:root:TRAIN | Epoch: [16/50] | Loss: 0.6743 | AP: 50.93 | TP:66.92, FP:80.01, FN:31.57, TN:71.20 | ACC: 55.34
INFO:root:VAL   | Epoch: [16/50] | Loss: 0.7241 | AP: 36.32 | TP:72.0, FP:118.0, FN:57.0, TN:66.0 | ACC: 44.09
INFO:root:TRAIN | Epoch: [17/50] | Loss: 0.6725 | AP: 51.32 | TP:63.10, FP:71.10, FN:35.33, TN:80.17 | ACC: 57.60
INFO:root:VAL   | Epoch: [17/50] | Loss: 0.7238 | AP: 36.66 | TP:67.0, FP:109.0, FN:62.0, TN:75.0 | ACC: 45.37
INFO:root:TRAIN | Epoch: [18/50] | Loss: 0.6726 | AP: 52.21 | TP:66.64, FP:77.49, FN:31.79, TN:73.79 | ACC: 56.22
INFO:root:VAL   | Epoch: [18/50] | Loss: 0.7289 | AP: 36.61 | TP:70.0, FP:116.0, FN:59.0, TN:68.0 | ACC: 44.09
INFO:root:TRAIN | Epoch: [19/50] | Loss: 0.6708 | AP: 51.66 | TP:65.73, FP:73.32, FN:32.56, TN:78.09 | ACC: 57.60
INFO:root:VAL   | Epoch: [19/50] | Loss: 0.7290 | AP: 36.99 | TP:67.0, FP:107.0, FN:62.0, TN:77.0 | ACC: 46.01
INFO:root:TRAIN | Epoch: [20/50] | Loss: 0.6715 | AP: 52.19 | TP:59.49, FP:64.32, FN:39.28, TN:86.61 | ACC: 58.60
INFO:root:VAL   | Epoch: [20/50] | Loss: 0.7258 | AP: 37.39 | TP:67.0, FP:106.0, FN:62.0, TN:78.0 | ACC: 46.33
INFO:root:TRAIN | Epoch: [21/50] | Loss: 0.6687 | AP: 52.44 | TP:63.70, FP:68.82, FN:35.07, TN:82.11 | ACC: 58.35
INFO:root:VAL   | Epoch: [21/50] | Loss: 0.7313 | AP: 36.94 | TP:69.0, FP:117.0, FN:60.0, TN:67.0 | ACC: 43.45
INFO:root:TRAIN | Epoch: [22/50] | Loss: 0.6688 | AP: 52.82 | TP:63.14, FP:70.35, FN:35.56, TN:80.65 | ACC: 57.72
INFO:root:VAL   | Epoch: [22/50] | Loss: 0.7289 | AP: 37.19 | TP:68.0, FP:110.0, FN:61.0, TN:74.0 | ACC: 45.37
INFO:root:TRAIN | Epoch: [23/50] | Loss: 0.6666 | AP: 53.21 | TP:63.12, FP:70.11, FN:35.58, TN:80.90 | ACC: 57.51
INFO:root:VAL   | Epoch: [23/50] | Loss: 0.7360 | AP: 37.05 | TP:68.0, FP:114.0, FN:61.0, TN:70.0 | ACC: 44.09
INFO:root:TRAIN | Epoch: [24/50] | Loss: 0.6662 | AP: 53.42 | TP:63.69, FP:72.08, FN:34.74, TN:79.20 | ACC: 57.18
INFO:root:VAL   | Epoch: [24/50] | Loss: 0.7364 | AP: 37.34 | TP:67.0, FP:112.0, FN:62.0, TN:72.0 | ACC: 44.41
INFO:root:TRAIN | Epoch: [25/50] | Loss: 0.6669 | AP: 53.34 | TP:58.98, FP:64.71, FN:38.76, TN:87.25 | ACC: 58.51
INFO:root:VAL   | Epoch: [25/50] | Loss: 0.7428 | AP: 37.02 | TP:67.0, FP:111.0, FN:62.0, TN:73.0 | ACC: 44.73
INFO:root:TRAIN | Epoch: [26/50] | Loss: 0.6643 | AP: 53.65 | TP:64.92, FP:70.06, FN:33.37, TN:81.35 | ACC: 58.56
INFO:root:VAL   | Epoch: [26/50] | Loss: 0.7416 | AP: 36.94 | TP:69.0, FP:113.0, FN:60.0, TN:71.0 | ACC: 44.73
INFO:root:TRAIN | Epoch: [27/50] | Loss: 0.6649 | AP: 53.81 | TP:63.81, FP:69.49, FN:34.75, TN:81.65 | ACC: 58.35
INFO:root:VAL   | Epoch: [27/50] | Loss: 0.7374 | AP: 37.40 | TP:66.0, FP:107.0, FN:63.0, TN:77.0 | ACC: 45.69
INFO:root:TRAIN | Epoch: [28/50] | Loss: 0.6639 | AP: 54.01 | TP:60.28, FP:64.65, FN:37.74, TN:87.03 | ACC: 59.31
INFO:root:VAL   | Epoch: [28/50] | Loss: 0.7416 | AP: 37.49 | TP:63.0, FP:104.0, FN:66.0, TN:80.0 | ACC: 45.69
INFO:root:TRAIN | Epoch: [29/50] | Loss: 0.6639 | AP: 54.01 | TP:59.58, FP:64.73, FN:38.16, TN:87.23 | ACC: 58.76
INFO:root:VAL   | Epoch: [29/50] | Loss: 0.7469 | AP: 37.37 | TP:69.0, FP:109.0, FN:60.0, TN:75.0 | ACC: 46.01
INFO:root:TRAIN | Epoch: [30/50] | Loss: 0.6629 | AP: 54.28 | TP:64.25, FP:70.03, FN:33.70, TN:81.72 | ACC: 58.60
INFO:root:VAL   | Epoch: [30/50] | Loss: 0.7426 | AP: 37.47 | TP:67.0, FP:104.0, FN:62.0, TN:80.0 | ACC: 46.96
INFO:root:TRAIN | Epoch: [31/50] | Loss: 0.6610 | AP: 55.41 | TP:62.14, FP:64.72, FN:36.02, TN:86.82 | ACC: 59.39
INFO:root:VAL   | Epoch: [31/50] | Loss: 0.7510 | AP: 37.19 | TP:65.0, FP:108.0, FN:64.0, TN:76.0 | ACC: 45.05
INFO:root:TRAIN | Epoch: [32/50] | Loss: 0.6609 | AP: 55.42 | TP:62.42, FP:67.14, FN:36.56, TN:83.58 | ACC: 58.56
INFO:root:VAL   | Epoch: [32/50] | Loss: 0.7521 | AP: 37.15 | TP:65.0, FP:104.0, FN:64.0, TN:80.0 | ACC: 46.33
INFO:root:TRAIN | Epoch: [33/50] | Loss: 0.6630 | AP: 55.46 | TP:52.55, FP:54.23, FN:45.88, TN:97.05 | ACC: 59.93
INFO:root:VAL   | Epoch: [33/50] | Loss: 0.7473 | AP: 37.74 | TP:54.0, FP:98.0, FN:75.0, TN:86.0 | ACC: 44.73
INFO:root:TRAIN | Epoch: [34/50] | Loss: 0.6607 | AP: 55.01 | TP:59.90, FP:63.14, FN:38.39, TN:88.27 | ACC: 59.35
INFO:root:VAL   | Epoch: [34/50] | Loss: 0.7610 | AP: 36.88 | TP:62.0, FP:104.0, FN:67.0, TN:80.0 | ACC: 45.37
INFO:root:TRAIN | Epoch: [35/50] | Loss: 0.6574 | AP: 56.16 | TP:61.99, FP:63.96, FN:36.16, TN:87.59 | ACC: 59.77
INFO:root:VAL   | Epoch: [35/50] | Loss: 0.7624 | AP: 37.01 | TP:55.0, FP:98.0, FN:74.0, TN:86.0 | ACC: 45.05
INFO:root:TRAIN | Epoch: [36/50] | Loss: 0.6575 | AP: 55.75 | TP:54.54, FP:56.37, FN:43.34, TN:95.46 | ACC: 59.85
INFO:root:VAL   | Epoch: [36/50] | Loss: 0.7605 | AP: 37.37 | TP:53.0, FP:90.0, FN:76.0, TN:94.0 | ACC: 46.96
INFO:root:TRAIN | Epoch: [37/50] | Loss: 0.6575 | AP: 56.08 | TP:59.28, FP:60.82, FN:39.28, TN:90.32 | ACC: 59.64
INFO:root:VAL   | Epoch: [37/50] | Loss: 0.7652 | AP: 36.93 | TP:56.0, FP:102.0, FN:73.0, TN:82.0 | ACC: 44.09
INFO:root:TRAIN | Epoch: [38/50] | Loss: 0.6554 | AP: 56.98 | TP:55.43, FP:54.11, FN:43.41, TN:96.76 | ACC: 60.81
INFO:root:VAL   | Epoch: [38/50] | Loss: 0.7609 | AP: 37.10 | TP:54.0, FP:97.0, FN:75.0, TN:87.0 | ACC: 45.05
INFO:root:TRAIN | Epoch: [39/50] | Loss: 0.6555 | AP: 56.37 | TP:56.65, FP:58.40, FN:41.92, TN:92.73 | ACC: 59.85
INFO:root:VAL   | Epoch: [39/50] | Loss: 0.7633 | AP: 37.06 | TP:55.0, FP:99.0, FN:74.0, TN:85.0 | ACC: 44.73
INFO:root:TRAIN | Epoch: [40/50] | Loss: 0.6534 | AP: 56.79 | TP:58.83, FP:59.75, FN:39.25, TN:91.86 | ACC: 60.31
INFO:root:VAL   | Epoch: [40/50] | Loss: 0.7728 | AP: 36.86 | TP:57.0, FP:101.0, FN:72.0, TN:83.0 | ACC: 44.73
INFO:root:TRAIN | Epoch: [41/50] | Loss: 0.6511 | AP: 57.36 | TP:59.99, FP:60.08, FN:38.85, TN:90.78 | ACC: 60.39
INFO:root:VAL   | Epoch: [41/50] | Loss: 0.7800 | AP: 36.86 | TP:54.0, FP:99.0, FN:75.0, TN:85.0 | ACC: 44.41
INFO:root:TRAIN | Epoch: [42/50] | Loss: 0.6553 | AP: 56.98 | TP:54.40, FP:55.18, FN:44.03, TN:96.09 | ACC: 60.31
INFO:root:VAL   | Epoch: [42/50] | Loss: 0.7739 | AP: 37.14 | TP:48.0, FP:89.0, FN:81.0, TN:95.0 | ACC: 45.69
INFO:root:TRAIN | Epoch: [43/50] | Loss: 0.6525 | AP: 57.42 | TP:53.15, FP:52.77, FN:45.62, TN:98.17 | ACC: 60.39
INFO:root:VAL   | Epoch: [43/50] | Loss: 0.7795 | AP: 36.75 | TP:53.0, FP:96.0, FN:76.0, TN:88.0 | ACC: 45.05
INFO:root:TRAIN | Epoch: [44/50] | Loss: 0.6527 | AP: 57.26 | TP:56.15, FP:55.68, FN:41.93, TN:95.94 | ACC: 60.93
INFO:root:VAL   | Epoch: [44/50] | Loss: 0.7693 | AP: 36.82 | TP:51.0, FP:94.0, FN:78.0, TN:90.0 | ACC: 45.05
INFO:root:TRAIN | Epoch: [45/50] | Loss: 0.6501 | AP: 57.74 | TP:59.65, FP:59.87, FN:38.64, TN:91.54 | ACC: 60.48
INFO:root:VAL   | Epoch: [45/50] | Loss: 0.7953 | AP: 36.17 | TP:56.0, FP:101.0, FN:73.0, TN:83.0 | ACC: 44.41
INFO:root:TRAIN | Epoch: [46/50] | Loss: 0.6498 | AP: 57.61 | TP:56.82, FP:56.99, FN:41.54, TN:94.35 | ACC: 60.31
INFO:root:VAL   | Epoch: [46/50] | Loss: 0.7813 | AP: 36.77 | TP:47.0, FP:88.0, FN:82.0, TN:96.0 | ACC: 45.69
INFO:root:TRAIN | Epoch: [47/50] | Loss: 0.6492 | AP: 58.46 | TP:53.98, FP:51.60, FN:44.79, TN:99.34 | ACC: 61.52
INFO:root:VAL   | Epoch: [47/50] | Loss: 0.7895 | AP: 36.71 | TP:54.0, FP:98.0, FN:75.0, TN:86.0 | ACC: 44.73
INFO:root:TRAIN | Epoch: [48/50] | Loss: 0.6487 | AP: 58.41 | TP:53.10, FP:52.22, FN:45.12, TN:99.26 | ACC: 60.85
INFO:root:VAL   | Epoch: [48/50] | Loss: 0.7989 | AP: 36.84 | TP:53.0, FP:97.0, FN:76.0, TN:87.0 | ACC: 44.73
INFO:root:TRAIN | Epoch: [49/50] | Loss: 0.6492 | AP: 58.14 | TP:56.21, FP:56.17, FN:42.63, TN:94.69 | ACC: 60.68
INFO:root:VAL   | Epoch: [49/50] | Loss: 0.7961 | AP: 37.27 | TP:50.0, FP:87.0, FN:79.0, TN:97.0 | ACC: 46.96
INFO:root:### Training from epoch 0 -> 49 finished in (1.21) minutes
INFO:root:### Best validation AP: 39.29 in epoch 0
INFO:root:# Test Set | Loss: 0.6933 | AP: 43.95 | TP:19.0, FP:29.0, FN:218.0, TN:317.0 | ACC: 57.63
INFO:root:Namespace(aggregation='average', batch_size=256, debug=False, device=device(type='cpu'), dropout=0.1, epochs=50, hidden_size=128, in_features=17, kernel_size=3, log_dir='exps/logs', lr=0.0001, model='LSTM', num_channels=[64, 64, 128], num_classes=2, num_layers=2, num_workers=4, print_freq=5, root='data', save_dir='exps/chpts/LSTM_layers2_stride5_average_lr0.0001', seed=14, start_epoch=0, tb_dir='exps/tb/LSTM_layers2_stride5_average_lr0.0001', temp_stride=5)
INFO:root:LSTM(
  (rnn): LSTM(17, 128, num_layers=2, batch_first=True)
  (fc): Linear(in_features=128, out_features=2, bias=True)
  (avg_pool): AdaptiveAvgPool1d(output_size=1)
  (max_pool): AdaptiveMaxPool1d(output_size=1)
)
INFO:root:=> Loading 4792 samples for train
INFO:root:=> Loading 626 samples for val
INFO:root:=> Loading 1166 samples for test
INFO:root:TRAIN | Epoch: [0/50] | Loss: 0.6915 | AP: 42.76 | TP:66.64, FP:99.41, FN:33.02, TN:54.17 | ACC: 47.62
INFO:root:VAL   | Epoch: [0/50] | Loss: 0.6895 | AP: 36.52 | TP:129.0, FP:184.0, FN:0.0, TN:0.0 | ACC: 41.21
INFO:root:=> AP improved (36.52) improved at epoch 0 | saving best model!
INFO:root:TRAIN | Epoch: [1/50] | Loss: 0.6854 | AP: 44.63 | TP:99.75, FP:153.49, FN:0.00, TN:0.00 | ACC: 39.36
INFO:root:VAL   | Epoch: [1/50] | Loss: 0.6879 | AP: 34.14 | TP:129.0, FP:184.0, FN:0.0, TN:0.0 | ACC: 41.21
INFO:root:Namespace(aggregation='average', batch_size=256, debug=False, device=device(type='cpu'), dropout=0.1, epochs=20, hidden_size=128, in_features=17, kernel_size=3, log_dir='exps/logs', lr=0.0001, model='LSTM', num_channels=[64, 64, 128], num_classes=2, num_layers=2, num_workers=4, print_freq=5, root='data', save_dir='exps/chpts/LSTM_layers2_stride5_average_lr0.0001', seed=14, start_epoch=0, tb_dir='exps/tb/LSTM_layers2_stride5_average_lr0.0001', temp_stride=5)
INFO:root:LSTM(
  (rnn): LSTM(17, 128, num_layers=2, batch_first=True)
  (fc): Linear(in_features=128, out_features=2, bias=True)
  (avg_pool): AdaptiveAvgPool1d(output_size=1)
  (max_pool): AdaptiveMaxPool1d(output_size=1)
)
INFO:root:=> Loading 4792 samples for train
INFO:root:=> Loading 626 samples for val
INFO:root:=> Loading 1166 samples for test
INFO:root:TRAIN | Epoch: [0/20] | Loss: 0.6915 | AP: 43.01 | TP:66.48, FP:99.62, FN:33.18, TN:53.96 | ACC: 47.47
INFO:root:VAL   | Epoch: [0/20] | Loss: 0.6896 | AP: 36.25 | TP:129.0, FP:184.0, FN:0.0, TN:0.0 | ACC: 41.21
INFO:root:=> AP improved (36.25) improved at epoch 0 | saving best model!
INFO:root:TRAIN | Epoch: [1/20] | Loss: 0.6855 | AP: 44.30 | TP:99.75, FP:153.49, FN:0.00, TN:0.00 | ACC: 39.36
INFO:root:VAL   | Epoch: [1/20] | Loss: 0.6876 | AP: 34.60 | TP:129.0, FP:184.0, FN:0.0, TN:0.0 | ACC: 41.21
INFO:root:TRAIN | Epoch: [2/20] | Loss: 0.6819 | AP: 46.10 | TP:99.66, FP:153.58, FN:0.00, TN:0.00 | ACC: 39.36
INFO:root:VAL   | Epoch: [2/20] | Loss: 0.6891 | AP: 33.44 | TP:129.0, FP:184.0, FN:0.0, TN:0.0 | ACC: 41.21
INFO:root:TRAIN | Epoch: [3/20] | Loss: 0.6787 | AP: 48.00 | TP:99.19, FP:152.54, FN:0.47, TN:1.04 | ACC: 39.59
INFO:root:VAL   | Epoch: [3/20] | Loss: 0.6925 | AP: 33.38 | TP:128.5, FP:180.0, FN:0.5, TN:4.0 | ACC: 42.33
INFO:root:TRAIN | Epoch: [4/20] | Loss: 0.6754 | AP: 48.75 | TP:96.17, FP:144.84, FN:3.44, TN:8.78 | ACC: 41.51
INFO:root:VAL   | Epoch: [4/20] | Loss: 0.6988 | AP: 33.63 | TP:117.5, FP:166.5, FN:11.5, TN:17.5 | ACC: 43.13
INFO:root:TRAIN | Epoch: [5/20] | Loss: 0.6714 | AP: 49.23 | TP:91.49, FP:129.91, FN:8.26, TN:23.58 | ACC: 45.47
INFO:root:VAL   | Epoch: [5/20] | Loss: 0.7105 | AP: 33.91 | TP:106.5, FP:159.0, FN:22.5, TN:25.0 | ACC: 42.01
INFO:root:TRAIN | Epoch: [6/20] | Loss: 0.6695 | AP: 49.95 | TP:84.98, FP:117.02, FN:14.75, TN:36.48 | ACC: 47.93
INFO:root:VAL   | Epoch: [6/20] | Loss: 0.7140 | AP: 35.06 | TP:94.0, FP:149.5, FN:35.0, TN:34.5 | ACC: 41.05
INFO:root:TRAIN | Epoch: [7/20] | Loss: 0.6672 | AP: 50.55 | TP:83.38, FP:112.41, FN:16.30, TN:41.14 | ACC: 49.17
INFO:root:VAL   | Epoch: [7/20] | Loss: 0.7170 | AP: 35.82 | TP:91.0, FP:142.0, FN:38.0, TN:42.0 | ACC: 42.49
INFO:root:TRAIN | Epoch: [8/20] | Loss: 0.6670 | AP: 51.29 | TP:83.10, FP:112.10, FN:16.42, TN:41.61 | ACC: 49.33
INFO:root:VAL   | Epoch: [8/20] | Loss: 0.7099 | AP: 37.00 | TP:89.5, FP:138.0, FN:39.5, TN:46.0 | ACC: 43.29
INFO:root:=> AP improved (37.00) improved at epoch 8 | saving best model!
INFO:root:TRAIN | Epoch: [9/20] | Loss: 0.6643 | AP: 51.72 | TP:82.78, FP:110.35, FN:16.92, TN:43.19 | ACC: 49.69
INFO:root:VAL   | Epoch: [9/20] | Loss: 0.7212 | AP: 36.39 | TP:89.0, FP:142.0, FN:40.0, TN:42.0 | ACC: 41.85
INFO:root:TRAIN | Epoch: [10/20] | Loss: 0.6617 | AP: 52.36 | TP:81.73, FP:106.28, FN:17.96, TN:47.26 | ACC: 50.90
INFO:root:VAL   | Epoch: [10/20] | Loss: 0.7172 | AP: 37.58 | TP:85.0, FP:137.0, FN:44.0, TN:47.0 | ACC: 42.17
INFO:root:=> AP improved (37.58) improved at epoch 10 | saving best model!
INFO:root:TRAIN | Epoch: [11/20] | Loss: 0.6601 | AP: 52.99 | TP:80.93, FP:104.20, FN:18.69, TN:49.41 | ACC: 51.46
INFO:root:VAL   | Epoch: [11/20] | Loss: 0.7233 | AP: 37.37 | TP:88.5, FP:136.5, FN:40.5, TN:47.5 | ACC: 43.45
INFO:root:TRAIN | Epoch: [12/20] | Loss: 0.6599 | AP: 53.29 | TP:80.99, FP:105.16, FN:18.58, TN:48.51 | ACC: 51.15
INFO:root:VAL   | Epoch: [12/20] | Loss: 0.7283 | AP: 37.28 | TP:86.0, FP:139.0, FN:43.0, TN:45.0 | ACC: 41.85
INFO:root:TRAIN | Epoch: [13/20] | Loss: 0.6593 | AP: 53.22 | TP:79.58, FP:102.35, FN:20.27, TN:51.04 | ACC: 51.54
INFO:root:VAL   | Epoch: [13/20] | Loss: 0.7265 | AP: 37.52 | TP:82.5, FP:136.5, FN:46.5, TN:47.5 | ACC: 41.53
INFO:root:TRAIN | Epoch: [14/20] | Loss: 0.6573 | AP: 54.15 | TP:80.32, FP:102.60, FN:19.42, TN:50.90 | ACC: 51.84
INFO:root:VAL   | Epoch: [14/20] | Loss: 0.7278 | AP: 37.62 | TP:83.0, FP:133.5, FN:46.0, TN:50.5 | ACC: 42.65
INFO:root:=> AP improved (37.62) improved at epoch 14 | saving best model!
INFO:root:TRAIN | Epoch: [15/20] | Loss: 0.6560 | AP: 54.15 | TP:76.60, FP:94.56, FN:23.11, TN:58.97 | ACC: 53.53
INFO:root:VAL   | Epoch: [15/20] | Loss: 0.7442 | AP: 36.83 | TP:85.5, FP:137.5, FN:43.5, TN:46.5 | ACC: 42.17
INFO:root:TRAIN | Epoch: [16/20] | Loss: 0.6553 | AP: 54.96 | TP:80.09, FP:99.36, FN:19.56, TN:54.22 | ACC: 53.05
INFO:root:VAL   | Epoch: [16/20] | Loss: 0.7350 | AP: 37.65 | TP:78.5, FP:126.5, FN:50.5, TN:57.5 | ACC: 43.45
INFO:root:=> AP improved (37.65) improved at epoch 16 | saving best model!
INFO:root:TRAIN | Epoch: [17/20] | Loss: 0.6516 | AP: 55.79 | TP:79.21, FP:96.61, FN:20.53, TN:56.89 | ACC: 53.76
INFO:root:VAL   | Epoch: [17/20] | Loss: 0.7427 | AP: 37.56 | TP:77.0, FP:125.5, FN:52.0, TN:58.5 | ACC: 43.29
INFO:root:TRAIN | Epoch: [18/20] | Loss: 0.6516 | AP: 55.85 | TP:77.82, FP:93.38, FN:21.91, TN:60.13 | ACC: 54.47
INFO:root:VAL   | Epoch: [18/20] | Loss: 0.7405 | AP: 37.25 | TP:76.0, FP:124.0, FN:53.0, TN:60.0 | ACC: 43.45
INFO:root:TRAIN | Epoch: [19/20] | Loss: 0.6492 | AP: 56.56 | TP:76.77, FP:92.28, FN:22.89, TN:61.29 | ACC: 54.53
INFO:root:VAL   | Epoch: [19/20] | Loss: 0.7599 | AP: 36.83 | TP:74.5, FP:126.0, FN:54.5, TN:58.0 | ACC: 42.33
INFO:root:### Training from epoch 0 -> 19 finished in (16.66) minutes
INFO:root:### Best validation AP: 37.65 in epoch 16
INFO:root:# Test Set | Loss: 0.7166 | AP: 41.98 | TP:178.5, FP:242.5, FN:58.5, TN:103.5 | ACC: 48.37
INFO:root:Namespace(aggregation='average', batch_size=256, debug=False, device=device(type='cpu'), dropout=0.1, epochs=30, hidden_size=128, in_features=17, kernel_size=3, log_dir='exps/logs', lr=0.0001, model='LSTM', num_channels=[64, 64, 128], num_classes=2, num_layers=2, num_workers=4, print_freq=5, root='data', save_dir='exps/chpts/LSTM_layers2_stride5_average_lr0.0001', seed=14, start_epoch=0, tb_dir='exps/tb/LSTM_layers2_stride5_average_lr0.0001', temp_stride=5, wd=1e-05)
INFO:root:LSTM(
  (rnn): LSTM(17, 128, num_layers=2, batch_first=True)
  (fc): Linear(in_features=128, out_features=2, bias=True)
  (avg_pool): AdaptiveAvgPool1d(output_size=1)
  (max_pool): AdaptiveMaxPool1d(output_size=1)
)
INFO:root:=> Loading 4792 samples for train
INFO:root:=> Loading 626 samples for val
INFO:root:=> Loading 1166 samples for test
INFO:root:TRAIN | Epoch: [0/30] | Loss: 0.6915 | AP: 43.18 | TP:66.86, FP:99.25, FN:32.80, TN:54.33 | ACC: 47.77
INFO:root:VAL   | Epoch: [0/30] | Loss: 0.6894 | AP: 36.98 | TP:129.0, FP:184.0, FN:0.0, TN:0.0 | ACC: 41.21
INFO:root:=> AP improved (36.98) improved at epoch 0 | saving best model!
INFO:root:TRAIN | Epoch: [1/30] | Loss: 0.6854 | AP: 44.40 | TP:99.75, FP:153.49, FN:0.00, TN:0.00 | ACC: 39.36
INFO:root:VAL   | Epoch: [1/30] | Loss: 0.6880 | AP: 33.91 | TP:129.0, FP:184.0, FN:0.0, TN:0.0 | ACC: 41.21
INFO:root:TRAIN | Epoch: [2/30] | Loss: 0.6820 | AP: 45.89 | TP:99.66, FP:153.58, FN:0.00, TN:0.00 | ACC: 39.36
INFO:root:VAL   | Epoch: [2/30] | Loss: 0.6890 | AP: 33.86 | TP:129.0, FP:184.0, FN:0.0, TN:0.0 | ACC: 41.21
INFO:root:TRAIN | Epoch: [3/30] | Loss: 0.6794 | AP: 47.21 | TP:99.25, FP:152.65, FN:0.41, TN:0.93 | ACC: 39.57
INFO:root:VAL   | Epoch: [3/30] | Loss: 0.6930 | AP: 33.21 | TP:128.0, FP:179.5, FN:1.0, TN:4.5 | ACC: 42.33
INFO:root:TRAIN | Epoch: [4/30] | Loss: 0.6757 | AP: 48.86 | TP:96.38, FP:145.79, FN:3.23, TN:7.83 | ACC: 41.21
INFO:root:VAL   | Epoch: [4/30] | Loss: 0.6994 | AP: 33.52 | TP:120.0, FP:168.5, FN:9.0, TN:15.5 | ACC: 43.29
INFO:root:TRAIN | Epoch: [5/30] | Loss: 0.6718 | AP: 49.28 | TP:92.44, FP:131.19, FN:7.31, TN:22.30 | ACC: 45.35
INFO:root:VAL   | Epoch: [5/30] | Loss: 0.7075 | AP: 34.41 | TP:111.0, FP:157.0, FN:18.0, TN:27.0 | ACC: 44.09
INFO:root:TRAIN | Epoch: [6/30] | Loss: 0.6693 | AP: 50.27 | TP:86.10, FP:117.53, FN:13.63, TN:35.97 | ACC: 48.16
INFO:root:VAL   | Epoch: [6/30] | Loss: 0.7119 | AP: 35.25 | TP:96.0, FP:146.0, FN:33.0, TN:38.0 | ACC: 42.81
INFO:root:TRAIN | Epoch: [7/30] | Loss: 0.6662 | AP: 50.61 | TP:83.53, FP:112.12, FN:16.16, TN:41.42 | ACC: 49.33
INFO:root:VAL   | Epoch: [7/30] | Loss: 0.7174 | AP: 35.94 | TP:91.5, FP:141.0, FN:37.5, TN:43.0 | ACC: 42.97
INFO:root:TRAIN | Epoch: [8/30] | Loss: 0.6668 | AP: 51.37 | TP:82.58, FP:109.87, FN:16.94, TN:43.85 | ACC: 49.98
INFO:root:VAL   | Epoch: [8/30] | Loss: 0.7106 | AP: 36.85 | TP:85.5, FP:139.0, FN:43.5, TN:45.0 | ACC: 41.69
INFO:root:TRAIN | Epoch: [9/30] | Loss: 0.6649 | AP: 51.42 | TP:82.75, FP:108.60, FN:16.95, TN:44.93 | ACC: 50.40
INFO:root:VAL   | Epoch: [9/30] | Loss: 0.7194 | AP: 36.48 | TP:91.5, FP:142.5, FN:37.5, TN:41.5 | ACC: 42.49
INFO:root:TRAIN | Epoch: [10/30] | Loss: 0.6642 | AP: 51.72 | TP:82.25, FP:108.41, FN:17.43, TN:45.13 | ACC: 50.27
INFO:root:VAL   | Epoch: [10/30] | Loss: 0.7131 | AP: 37.95 | TP:87.0, FP:138.0, FN:42.0, TN:46.0 | ACC: 42.49
INFO:root:=> AP improved (37.95) improved at epoch 10 | saving best model!
INFO:root:TRAIN | Epoch: [11/30] | Loss: 0.6613 | AP: 52.54 | TP:81.23, FP:106.21, FN:18.40, TN:47.39 | ACC: 50.81
INFO:root:VAL   | Epoch: [11/30] | Loss: 0.7202 | AP: 37.26 | TP:89.0, FP:140.0, FN:40.0, TN:44.0 | ACC: 42.49
INFO:root:TRAIN | Epoch: [12/30] | Loss: 0.6595 | AP: 53.40 | TP:82.10, FP:106.13, FN:17.47, TN:47.54 | ACC: 51.19
INFO:root:VAL   | Epoch: [12/30] | Loss: 0.7273 | AP: 37.54 | TP:87.5, FP:138.0, FN:41.5, TN:46.0 | ACC: 42.65
INFO:root:TRAIN | Epoch: [13/30] | Loss: 0.6585 | AP: 53.60 | TP:79.81, FP:101.31, FN:20.04, TN:52.07 | ACC: 52.05
INFO:root:VAL   | Epoch: [13/30] | Loss: 0.7262 | AP: 37.56 | TP:86.0, FP:135.5, FN:43.0, TN:48.5 | ACC: 42.97
INFO:root:TRAIN | Epoch: [14/30] | Loss: 0.6576 | AP: 54.06 | TP:79.97, FP:101.75, FN:19.76, TN:51.75 | ACC: 52.02
INFO:root:VAL   | Epoch: [14/30] | Loss: 0.7279 | AP: 37.69 | TP:81.5, FP:132.5, FN:47.5, TN:51.5 | ACC: 42.49
INFO:root:TRAIN | Epoch: [15/30] | Loss: 0.6563 | AP: 54.48 | TP:76.64, FP:95.51, FN:23.06, TN:58.03 | ACC: 53.19
INFO:root:VAL   | Epoch: [15/30] | Loss: 0.7497 | AP: 36.80 | TP:84.0, FP:135.5, FN:45.0, TN:48.5 | ACC: 42.33
INFO:root:TRAIN | Epoch: [16/30] | Loss: 0.6532 | AP: 55.31 | TP:79.30, FP:97.80, FN:20.36, TN:55.78 | ACC: 53.34
INFO:root:VAL   | Epoch: [16/30] | Loss: 0.7370 | AP: 37.54 | TP:78.0, FP:123.0, FN:51.0, TN:61.0 | ACC: 44.41
INFO:root:TRAIN | Epoch: [17/30] | Loss: 0.6531 | AP: 55.20 | TP:78.42, FP:97.57, FN:21.31, TN:55.93 | ACC: 53.07
INFO:root:VAL   | Epoch: [17/30] | Loss: 0.7377 | AP: 37.35 | TP:77.0, FP:125.0, FN:52.0, TN:59.0 | ACC: 43.45
INFO:root:TRAIN | Epoch: [18/30] | Loss: 0.6521 | AP: 55.69 | TP:78.51, FP:97.02, FN:21.22, TN:56.49 | ACC: 53.30
INFO:root:VAL   | Epoch: [18/30] | Loss: 0.7385 | AP: 37.42 | TP:75.5, FP:123.5, FN:53.5, TN:60.5 | ACC: 43.45
INFO:root:TRAIN | Epoch: [19/30] | Loss: 0.6493 | AP: 56.62 | TP:77.34, FP:93.86, FN:22.32, TN:59.72 | ACC: 54.13
INFO:root:VAL   | Epoch: [19/30] | Loss: 0.7613 | AP: 36.64 | TP:75.0, FP:122.5, FN:54.0, TN:61.5 | ACC: 43.61
INFO:root:TRAIN | Epoch: [20/30] | Loss: 0.6498 | AP: 56.57 | TP:73.79, FP:84.58, FN:25.90, TN:68.97 | ACC: 56.36
INFO:root:VAL   | Epoch: [20/30] | Loss: 0.7806 | AP: 36.52 | TP:85.0, FP:139.5, FN:44.0, TN:44.5 | ACC: 41.37
INFO:root:TRAIN | Epoch: [21/30] | Loss: 0.6515 | AP: 56.49 | TP:76.47, FP:89.17, FN:23.17, TN:64.42 | ACC: 55.63
INFO:root:VAL   | Epoch: [21/30] | Loss: 0.7694 | AP: 36.38 | TP:78.5, FP:137.0, FN:50.5, TN:47.0 | ACC: 40.10
INFO:root:TRAIN | Epoch: [22/30] | Loss: 0.6459 | AP: 57.58 | TP:78.93, FP:94.86, FN:20.66, TN:58.78 | ACC: 54.34
INFO:root:VAL   | Epoch: [22/30] | Loss: 0.7580 | AP: 36.82 | TP:75.0, FP:125.0, FN:54.0, TN:59.0 | ACC: 42.81
INFO:root:TRAIN | Epoch: [23/30] | Loss: 0.6449 | AP: 57.26 | TP:77.08, FP:93.61, FN:22.61, TN:59.94 | ACC: 54.13
INFO:root:VAL   | Epoch: [23/30] | Loss: 0.7577 | AP: 37.35 | TP:72.5, FP:120.0, FN:56.5, TN:64.0 | ACC: 43.61
INFO:root:TRAIN | Epoch: [24/30] | Loss: 0.6435 | AP: 57.80 | TP:75.66, FP:87.68, FN:24.07, TN:65.82 | ACC: 55.80
INFO:root:VAL   | Epoch: [24/30] | Loss: 0.7718 | AP: 36.88 | TP:72.0, FP:122.5, FN:57.0, TN:61.5 | ACC: 42.65
INFO:root:TRAIN | Epoch: [25/30] | Loss: 0.6417 | AP: 58.29 | TP:75.77, FP:89.45, FN:23.96, TN:64.06 | ACC: 55.20
INFO:root:VAL   | Epoch: [25/30] | Loss: 0.7802 | AP: 37.20 | TP:75.0, FP:129.0, FN:54.0, TN:55.0 | ACC: 41.53
INFO:root:TRAIN | Epoch: [26/30] | Loss: 0.6420 | AP: 58.62 | TP:72.53, FP:83.22, FN:27.25, TN:70.24 | ACC: 56.34
INFO:root:VAL   | Epoch: [26/30] | Loss: 0.8051 | AP: 36.76 | TP:77.0, FP:128.0, FN:52.0, TN:56.0 | ACC: 42.49
INFO:root:TRAIN | Epoch: [27/30] | Loss: 0.6396 | AP: 58.90 | TP:73.99, FP:85.22, FN:25.65, TN:68.37 | ACC: 56.22
INFO:root:VAL   | Epoch: [27/30] | Loss: 0.7852 | AP: 37.20 | TP:73.5, FP:125.0, FN:55.5, TN:59.0 | ACC: 42.33
INFO:root:TRAIN | Epoch: [28/30] | Loss: 0.6380 | AP: 59.10 | TP:74.52, FP:86.77, FN:24.99, TN:66.96 | ACC: 55.95
INFO:root:VAL   | Epoch: [28/30] | Loss: 0.7726 | AP: 38.13 | TP:73.0, FP:110.0, FN:56.0, TN:74.0 | ACC: 46.96
INFO:root:=> AP improved (38.13) improved at epoch 28 | saving best model!
INFO:root:TRAIN | Epoch: [29/30] | Loss: 0.6348 | AP: 59.80 | TP:73.62, FP:82.78, FN:26.16, TN:70.67 | ACC: 56.93
INFO:root:VAL   | Epoch: [29/30] | Loss: 0.7779 | AP: 38.31 | TP:71.0, FP:108.0, FN:58.0, TN:76.0 | ACC: 46.96
INFO:root:=> AP improved (38.31) improved at epoch 29 | saving best model!
INFO:root:### Training from epoch 0 -> 29 finished in (25.91) minutes
INFO:root:### Best validation AP: 38.31 in epoch 29
INFO:root:# Test Set | Loss: 0.7560 | AP: 40.76 | TP:149.5, FP:213.5, FN:87.5, TN:132.5 | ACC: 48.37
INFO:root:Namespace(aggregation='average', batch_size=256, debug=False, device=device(type='cpu'), dropout=0.1, epochs=30, hidden_size=128, in_features=17, kernel_size=3, log_dir='exps/logs', lr=0.0001, model='LSTM', num_channels=[64, 64, 128], num_classes=2, num_layers=2, num_workers=4, print_freq=5, root='data', save_dir='exps/chpts/LSTM_layers2_stride5_average_lr0.0001', seed=14, start_epoch=0, tb_dir='exps/tb/LSTM_layers2_stride5_average_lr0.0001', temp_stride=5, wd=1e-05)
INFO:root:LSTM(
  (rnn): LSTM(17, 128, num_layers=2, batch_first=True)
  (fc): Linear(in_features=128, out_features=2, bias=True)
  (avg_pool): AdaptiveAvgPool1d(output_size=1)
  (max_pool): AdaptiveMaxPool1d(output_size=1)
)
INFO:root:=> Loading 2396 samples for train
INFO:root:=> Loading 313 samples for val
INFO:root:=> Loading 583 samples for test
INFO:root:TRAIN | Epoch: [0/30] | Loss: 0.6931 | AP: 43.54 | TP:32.24, FP:43.74, FN:65.50, TN:108.22 | ACC: 56.18
INFO:root:VAL   | Epoch: [0/30] | Loss: 0.6922 | AP: 38.30 | TP:118.0, FP:176.0, FN:11.0, TN:8.0 | ACC: 40.26
INFO:root:=> AP improved (38.30) improved at epoch 0 | saving best model!
INFO:root:TRAIN | Epoch: [1/30] | Loss: 0.6890 | AP: 43.34 | TP:97.72, FP:150.06, FN:0.64, TN:1.28 | ACC: 39.61
INFO:root:Namespace(aggregation='average', batch_size=256, debug=False, device=device(type='cpu'), dropout=0.1, epochs=30, hidden_size=128, in_features=17, kernel_size=3, log_dir='exps/logs', lr=0.0001, model='LSTM', num_channels=[64, 64, 128], num_classes=2, num_layers=2, num_workers=4, print_freq=5, root='data', save_dir='exps/chpts/LSTM_layers2_stride5_average_lr0.0001', seed=14, start_epoch=0, tb_dir='exps/tb/LSTM_layers2_stride5_average_lr0.0001', temp_stride=5, wd=1e-05)
INFO:root:LSTM(
  (rnn): LSTM(17, 128, num_layers=2, batch_first=True)
  (fc): Linear(in_features=128, out_features=2, bias=True)
  (avg_pool): AdaptiveAvgPool1d(output_size=1)
  (max_pool): AdaptiveMaxPool1d(output_size=1)
)
INFO:root:=> Loading 2396 samples for train
INFO:root:=> Loading 313 samples for val
INFO:root:=> Loading 583 samples for test
INFO:root:TRAIN | Epoch: [0/30] | Loss: 0.6931 | AP: 43.64 | TP:32.35, FP:41.85, FN:65.40, TN:110.11 | ACC: 56.93
INFO:root:VAL   | Epoch: [0/30] | Loss: 0.6920 | AP: 39.32 | TP:118.0, FP:176.0, FN:11.0, TN:8.0 | ACC: 40.26
INFO:root:=> AP improved (39.32) improved at epoch 0 | saving best model!
